2022-12-23T10:25:32.773Z - error: TypeError: User.create(...).save is not a function
    at Object.module.exports [as register] (/home/duytan/backend-graphql/app/datasources/controllers/User/register.js:4:65)
    at Object.register (/home/duytan/backend-graphql/app/resolvers/mutationResolver.js:19:54)
    at field.resolve (/home/duytan/backend-graphql/node_modules/apollo-server-core/dist/utils/schemaInstrumentation.js:56:26)
    at resolveField (/home/duytan/backend-graphql/node_modules/graphql/execution/execute.js:464:18)
    at /home/duytan/backend-graphql/node_modules/graphql/execution/execute.js:261:18
    at /home/duytan/backend-graphql/node_modules/graphql/jsutils/promiseReduce.js:23:10
    at Array.reduce (<anonymous>)
    at promiseReduce (/home/duytan/backend-graphql/node_modules/graphql/jsutils/promiseReduce.js:20:17)
    at executeFieldsSerially (/home/duytan/backend-graphql/node_modules/graphql/execution/execute.js:258:37)
    at executeOperation (/home/duytan/backend-graphql/node_modules/graphql/execution/execute.js:236:55)
2022-12-23T10:26:15.674Z - error: TypeError: User.create(...).save is not a function
    at Object.module.exports [as register] (/home/duytan/backend-graphql/app/datasources/controllers/User/register.js:4:61)
    at Object.register (/home/duytan/backend-graphql/app/resolvers/mutationResolver.js:19:54)
    at field.resolve (/home/duytan/backend-graphql/node_modules/apollo-server-core/dist/utils/schemaInstrumentation.js:56:26)
    at resolveField (/home/duytan/backend-graphql/node_modules/graphql/execution/execute.js:464:18)
    at /home/duytan/backend-graphql/node_modules/graphql/execution/execute.js:261:18
    at /home/duytan/backend-graphql/node_modules/graphql/jsutils/promiseReduce.js:23:10
    at Array.reduce (<anonymous>)
    at promiseReduce (/home/duytan/backend-graphql/node_modules/graphql/jsutils/promiseReduce.js:20:17)
    at executeFieldsSerially (/home/duytan/backend-graphql/node_modules/graphql/execution/execute.js:258:37)
    at executeOperation (/home/duytan/backend-graphql/node_modules/graphql/execution/execute.js:236:55)
2022-12-23T10:27:19.589Z - error: TypeError: User.create(...).save is not a function
    at Object.module.exports [as register] (/home/duytan/backend-graphql/app/datasources/controllers/User/register.js:4:61)
    at Object.register (/home/duytan/backend-graphql/app/resolvers/mutationResolver.js:19:54)
    at field.resolve (/home/duytan/backend-graphql/node_modules/apollo-server-core/dist/utils/schemaInstrumentation.js:56:26)
    at resolveField (/home/duytan/backend-graphql/node_modules/graphql/execution/execute.js:464:18)
    at /home/duytan/backend-graphql/node_modules/graphql/execution/execute.js:261:18
    at /home/duytan/backend-graphql/node_modules/graphql/jsutils/promiseReduce.js:23:10
    at Array.reduce (<anonymous>)
    at promiseReduce (/home/duytan/backend-graphql/node_modules/graphql/jsutils/promiseReduce.js:20:17)
    at executeFieldsSerially (/home/duytan/backend-graphql/node_modules/graphql/execution/execute.js:258:37)
    at executeOperation (/home/duytan/backend-graphql/node_modules/graphql/execution/execute.js:236:55)
2022-12-23T10:28:33.336Z - error: TypeError: User.create(...).save is not a function
    at Object.module.exports [as register] (/home/duytan/backend-graphql/app/datasources/controllers/User/register.js:4:65)
    at Object.register (/home/duytan/backend-graphql/app/resolvers/mutationResolver.js:19:54)
    at field.resolve (/home/duytan/backend-graphql/node_modules/apollo-server-core/dist/utils/schemaInstrumentation.js:56:26)
    at resolveField (/home/duytan/backend-graphql/node_modules/graphql/execution/execute.js:464:18)
    at /home/duytan/backend-graphql/node_modules/graphql/execution/execute.js:261:18
    at /home/duytan/backend-graphql/node_modules/graphql/jsutils/promiseReduce.js:23:10
    at Array.reduce (<anonymous>)
    at promiseReduce (/home/duytan/backend-graphql/node_modules/graphql/jsutils/promiseReduce.js:20:17)
    at executeFieldsSerially (/home/duytan/backend-graphql/node_modules/graphql/execution/execute.js:258:37)
    at executeOperation (/home/duytan/backend-graphql/node_modules/graphql/execution/execute.js:236:55)
2022-12-23T10:29:36.894Z - error: MongoServerError: E11000 duplicate key error collection: medium.users index: email_1 dup key: { : "daicatan@gmail.com" }
    at /home/duytan/backend-graphql/node_modules/mongodb/lib/operations/insert.js:53:33
    at /home/duytan/backend-graphql/node_modules/mongodb/lib/cmap/connection_pool.js:307:25
    at /home/duytan/backend-graphql/node_modules/mongodb/lib/sdam/server.js:213:17
    at handleOperationResult (/home/duytan/backend-graphql/node_modules/mongodb/lib/sdam/server.js:329:20)
    at Connection.onMessage (/home/duytan/backend-graphql/node_modules/mongodb/lib/cmap/connection.js:242:9)
    at MessageStream.<anonymous> (/home/duytan/backend-graphql/node_modules/mongodb/lib/cmap/connection.js:61:60)
    at MessageStream.emit (node:events:527:28)
    at processIncomingData (/home/duytan/backend-graphql/node_modules/mongodb/lib/cmap/message_stream.js:125:16)
    at MessageStream._write (/home/duytan/backend-graphql/node_modules/mongodb/lib/cmap/message_stream.js:33:9)
    at writeOrBuffer (node:internal/streams/writable:389:12)
2022-12-23T10:29:55.593Z - error: MongoServerError: E11000 duplicate key error collection: medium.users index: email_1 dup key: { : "daicatan@gmail.com" }
    at /home/duytan/backend-graphql/node_modules/mongodb/lib/operations/insert.js:53:33
    at /home/duytan/backend-graphql/node_modules/mongodb/lib/cmap/connection_pool.js:307:25
    at /home/duytan/backend-graphql/node_modules/mongodb/lib/sdam/server.js:213:17
    at handleOperationResult (/home/duytan/backend-graphql/node_modules/mongodb/lib/sdam/server.js:329:20)
    at Connection.onMessage (/home/duytan/backend-graphql/node_modules/mongodb/lib/cmap/connection.js:242:9)
    at MessageStream.<anonymous> (/home/duytan/backend-graphql/node_modules/mongodb/lib/cmap/connection.js:61:60)
    at MessageStream.emit (node:events:527:28)
    at processIncomingData (/home/duytan/backend-graphql/node_modules/mongodb/lib/cmap/message_stream.js:125:16)
    at MessageStream._write (/home/duytan/backend-graphql/node_modules/mongodb/lib/cmap/message_stream.js:33:9)
    at writeOrBuffer (node:internal/streams/writable:389:12)
2022-12-23T10:31:41.945Z - error: MongoServerError: E11000 duplicate key error collection: medium.users index: email_1 dup key: { : "daicatan1@gmail.com" }
    at /home/duytan/backend-graphql/node_modules/mongodb/lib/operations/insert.js:53:33
    at /home/duytan/backend-graphql/node_modules/mongodb/lib/cmap/connection_pool.js:307:25
    at /home/duytan/backend-graphql/node_modules/mongodb/lib/sdam/server.js:213:17
    at handleOperationResult (/home/duytan/backend-graphql/node_modules/mongodb/lib/sdam/server.js:329:20)
    at Connection.onMessage (/home/duytan/backend-graphql/node_modules/mongodb/lib/cmap/connection.js:242:9)
    at MessageStream.<anonymous> (/home/duytan/backend-graphql/node_modules/mongodb/lib/cmap/connection.js:61:60)
    at MessageStream.emit (node:events:527:28)
    at processIncomingData (/home/duytan/backend-graphql/node_modules/mongodb/lib/cmap/message_stream.js:125:16)
    at MessageStream._write (/home/duytan/backend-graphql/node_modules/mongodb/lib/cmap/message_stream.js:33:9)
    at writeOrBuffer (node:internal/streams/writable:389:12)
2022-12-23T10:32:06.156Z - error: MongoServerError: E11000 duplicate key error collection: medium.users index: email_1 dup key: { : "daicatan1@gmail.com" }
    at /home/duytan/backend-graphql/node_modules/mongodb/lib/operations/insert.js:53:33
    at /home/duytan/backend-graphql/node_modules/mongodb/lib/cmap/connection_pool.js:307:25
    at /home/duytan/backend-graphql/node_modules/mongodb/lib/sdam/server.js:213:17
    at handleOperationResult (/home/duytan/backend-graphql/node_modules/mongodb/lib/sdam/server.js:329:20)
    at Connection.onMessage (/home/duytan/backend-graphql/node_modules/mongodb/lib/cmap/connection.js:242:9)
    at MessageStream.<anonymous> (/home/duytan/backend-graphql/node_modules/mongodb/lib/cmap/connection.js:61:60)
    at MessageStream.emit (node:events:527:28)
    at processIncomingData (/home/duytan/backend-graphql/node_modules/mongodb/lib/cmap/message_stream.js:125:16)
    at MessageStream._write (/home/duytan/backend-graphql/node_modules/mongodb/lib/cmap/message_stream.js:33:9)
    at writeOrBuffer (node:internal/streams/writable:389:12)
2022-12-23T10:33:11.267Z - error: ReferenceError: user is not defined
    at Object.module.exports [as register] (/home/duytan/backend-graphql/app/datasources/controllers/User/register.js:23:12)
    at processTicksAndRejections (node:internal/process/task_queues:96:5)
    at async Object.register (/home/duytan/backend-graphql/app/resolvers/mutationResolver.js:19:31)
2022-12-23T10:33:27.425Z - error: ReferenceError: user is not defined
    at Object.module.exports [as register] (/home/duytan/backend-graphql/app/datasources/controllers/User/register.js:23:12)
    at processTicksAndRejections (node:internal/process/task_queues:96:5)
    at async Object.register (/home/duytan/backend-graphql/app/resolvers/mutationResolver.js:19:31)
2022-12-23T10:35:40.305Z - error: undefined
2022-12-23T10:36:22.407Z - error: undefined
2022-12-23T10:36:45.417Z - error: MongoServerError: E11000 duplicate key error collection: medium.users index: email_1 dup key: { : "daicatan2@gmail.com" }
    at /home/duytan/backend-graphql/node_modules/mongodb/lib/operations/insert.js:53:33
    at /home/duytan/backend-graphql/node_modules/mongodb/lib/cmap/connection_pool.js:307:25
    at /home/duytan/backend-graphql/node_modules/mongodb/lib/sdam/server.js:213:17
    at handleOperationResult (/home/duytan/backend-graphql/node_modules/mongodb/lib/sdam/server.js:329:20)
    at Connection.onMessage (/home/duytan/backend-graphql/node_modules/mongodb/lib/cmap/connection.js:242:9)
    at MessageStream.<anonymous> (/home/duytan/backend-graphql/node_modules/mongodb/lib/cmap/connection.js:61:60)
    at MessageStream.emit (node:events:527:28)
    at processIncomingData (/home/duytan/backend-graphql/node_modules/mongodb/lib/cmap/message_stream.js:125:16)
    at MessageStream._write (/home/duytan/backend-graphql/node_modules/mongodb/lib/cmap/message_stream.js:33:9)
    at writeOrBuffer (node:internal/streams/writable:389:12)
2022-12-23T10:37:12.452Z - error: MongoServerError: E11000 duplicate key error collection: medium.users index: email_1 dup key: { : "daicatan2@gmail.com" }
    at /home/duytan/backend-graphql/node_modules/mongodb/lib/operations/insert.js:53:33
    at /home/duytan/backend-graphql/node_modules/mongodb/lib/cmap/connection_pool.js:307:25
    at /home/duytan/backend-graphql/node_modules/mongodb/lib/sdam/server.js:213:17
    at handleOperationResult (/home/duytan/backend-graphql/node_modules/mongodb/lib/sdam/server.js:329:20)
    at Connection.onMessage (/home/duytan/backend-graphql/node_modules/mongodb/lib/cmap/connection.js:242:9)
    at MessageStream.<anonymous> (/home/duytan/backend-graphql/node_modules/mongodb/lib/cmap/connection.js:61:60)
    at MessageStream.emit (node:events:527:28)
    at processIncomingData (/home/duytan/backend-graphql/node_modules/mongodb/lib/cmap/message_stream.js:125:16)
    at MessageStream._write (/home/duytan/backend-graphql/node_modules/mongodb/lib/cmap/message_stream.js:33:9)
    at writeOrBuffer (node:internal/streams/writable:389:12)
2022-12-23T10:39:29.734Z - error: MongoServerError: E11000 duplicate key error collection: medium.users index: email_1 dup key: { : "daicatan2@gmail.com" }
    at /home/duytan/backend-graphql/node_modules/mongodb/lib/operations/insert.js:53:33
    at /home/duytan/backend-graphql/node_modules/mongodb/lib/cmap/connection_pool.js:307:25
    at /home/duytan/backend-graphql/node_modules/mongodb/lib/sdam/server.js:213:17
    at handleOperationResult (/home/duytan/backend-graphql/node_modules/mongodb/lib/sdam/server.js:329:20)
    at Connection.onMessage (/home/duytan/backend-graphql/node_modules/mongodb/lib/cmap/connection.js:242:9)
    at MessageStream.<anonymous> (/home/duytan/backend-graphql/node_modules/mongodb/lib/cmap/connection.js:61:60)
    at MessageStream.emit (node:events:527:28)
    at processIncomingData (/home/duytan/backend-graphql/node_modules/mongodb/lib/cmap/message_stream.js:125:16)
    at MessageStream._write (/home/duytan/backend-graphql/node_modules/mongodb/lib/cmap/message_stream.js:33:9)
    at writeOrBuffer (node:internal/streams/writable:389:12)
2022-12-23T10:39:49.901Z - error: E11000 duplicate key error collection: medium.users index: email_1 dup key: { : "daicatan2@gmail.com" }
2022-12-23T10:41:29.822Z - error: {"name":"MongoServerError","message":"E11000 duplicate key error collection: medium.users index: email_1 dup key: { : \"daicatan2@gmail.com\" }"}
2022-12-23T10:42:39.689Z - error: {"name":"MongoServerError","message":"E11000 duplicate key error collection: medium.users index: email_1 dup key: { : \"daicatan2@gmail.com\" }"}
2022-12-23T10:42:43.949Z - error: {"name":"MongoServerError","message":"E11000 duplicate key error collection: medium.users index: email_1 dup key: { : \"daicatan2@gmail.com\" }"}
2022-12-23T10:42:50.909Z - error: {"name":"MongoServerError","message":"E11000 duplicate key error collection: medium.users index: email_1 dup key: { : \"daicatan2@gmail.com\" }"}
2022-12-23T10:43:02.256Z - error: {"name":"MongoServerError","message":"E11000 duplicate key error collection: medium.users index: email_1 dup key: { : \"daicatan2@gmail.com\" }"}
2022-12-23T10:43:07.445Z - error: {"name":"TypeError","message":"userInstance.save is not a function"}
2022-12-23T10:43:13.519Z - error: {"name":"MongoServerError","message":"E11000 duplicate key error collection: medium.users index: email_1 dup key: { : \"daicatan2@gmail.com\" }"}
2022-12-23T10:44:00.629Z - error: {"name":"MongoServerError","message":"E11000 duplicate key error collection: medium.users index: email_1 dup key: { : \"daicatan2@gmail.com\" }"}
2022-12-23T10:44:08.271Z - error: {"name":"MongoServerError","message":"E11000 duplicate key error collection: medium.users index: email_1 dup key: { : \"daicatan2@gmail.com\" }"}
2022-12-23T10:44:48.811Z - error: {"name":"MongoServerError","message":"E11000 duplicate key error collection: medium.users index: email_1 dup key: { : \"daicatan6@gmail.com\" }"}
2022-12-23T10:52:18.770Z - error: {"name":"MongoServerError","message":"E11000 duplicate key error collection: medium.users index: email_1 dup key: { : \"daicatan6@gmail.com\" }"}
2022-12-23T11:21:45.441Z - error: {"name":"MongoServerError","message":"E11000 duplicate key error collection: medium.users index: email_1 dup key: { : \"daicatan6@gmail.com\" }"}
2022-12-23T11:22:39.045Z - error: {"name":"MongoServerError","message":"E11000 duplicate key error collection: medium.users index: email_1 dup key: { : \"daicatan6@gmail.com\" }"}
2022-12-23T11:23:03.773Z - error: {"name":"MongoServerError","message":"E11000 duplicate key error collection: medium.users index: email_1 dup key: { : \"daicatan6@gmail.com\" }"}
2022-12-23T11:23:09.769Z - error: {"name":"MongoServerError","message":"E11000 duplicate key error collection: medium.users index: email_1 dup key: { : \"daicatan6@gmail.com\" }"}
2022-12-23T11:25:06.790Z - error: {"name":"MongoServerError","message":"E11000 duplicate key error collection: medium.users index: email_1 dup key: { : \"daicatan6@gmail.com\" }"}
2022-12-23T11:25:14.792Z - error: {"name":"TypeError","message":"Cannot read properties of undefined (reading 'headers')"}
2022-12-23T11:27:46.078Z - error: {"name":"MongoServerError","message":"E11000 duplicate key error collection: medium.users index: email_1 dup key: { : \"daicatan7@gmail.com\" }"}
2022-12-23T11:27:55.019Z - error: {"name":"ReferenceError","message":"crypto is not defined"}
