2022-12-20T04:37:30.336Z - error: {"errorMessage":"E11000 duplicate key error collection: medium.useraccounts index: email_1 dup key: { : \"daicatan@gmail.com\" }","errorName":"MongoBulkWriteError"}
2022-12-20T04:37:45.867Z - error: {"errorMessage":"E11000 duplicate key error collection: medium.useraccounts index: email_1 dup key: { : \"daicatan@gmail.com\" }","errorName":"MongoBulkWriteError"}
2022-12-20T08:18:14.873Z - error: {"errorMessage":"PostContent validation failed: thumbnailPicture: Path `thumbnailPicture` is required., userShortId: Path `userShortId` is required.","errorName":"ValidationError"}
2022-12-20T08:20:32.612Z - error: {"errorMessage":"PostContent validation failed: userShortId: Path `userShortId` is required.","errorName":"ValidationError"}
2022-12-20T09:16:23.709Z - error: {"errorMessage":"E11000 duplicate key error collection: medium.useraccounts index: email_1 dup key: { : \"daicatan@gmail.com\" }","errorName":"MongoBulkWriteError"}
2022-12-20T09:23:35.891Z - error: {"errorMessage":"E11000 duplicate key error collection: medium.useraccounts index: email_1 dup key: { : \"daicatan@gmail.com\" }","errorName":"MongoBulkWriteError"}
2022-12-20T09:23:45.250Z - error: {"errorMessage":"E11000 duplicate key error collection: medium.useraccounts index: username_1 dup key: { : \"daicacatan\" }","errorName":"MongoBulkWriteError"}
2022-12-20T09:25:44.984Z - error: {"errorMessage":"E11000 duplicate key error collection: medium.useraccounts index: email_1 dup key: { : \"daicatan1@gmail.com\" }","errorName":"MongoBulkWriteError"}
2022-12-20T09:28:37.998Z - error: {"errorMessage":"E11000 duplicate key error collection: medium.useraccounts index: email_1 dup key: { : \"daicatan3@gmail.com\" }","errorName":"MongoBulkWriteError"}
2022-12-20T09:30:21.378Z - error: {"errorMessage":"E11000 duplicate key error collection: medium.useraccounts index: email_1 dup key: { : \"daicatan3@gmail.com\" }","errorName":"MongoBulkWriteError"}
2022-12-20T09:30:31.152Z - error: {"errorMessage":"E11000 duplicate key error collection: medium.useraccounts index: email_1 dup key: { : \"daicatan3@gmail.com\" }","errorName":"MongoBulkWriteError"}
2022-12-20T09:30:52.151Z - error: {"errorMessage":"E11000 duplicate key error collection: medium.useraccounts index: email_1 dup key: { : \"daicatan3@gmail.com\" }","errorName":"MongoBulkWriteError"}
2022-12-20T11:30:11.888Z - error: {"errorMessage":"Cannot read properties of undefined (reading 'value')","errorName":"TypeError"}
2022-12-20T11:33:58.771Z - error: {"errorMessage":"Cannot read properties of undefined (reading 'value')","errorName":"TypeError"}
2022-12-20T11:34:41.591Z - error: {"errorMessage":"Cannot read properties of undefined (reading 'value')","errorName":"TypeError"}
2022-12-20T11:34:48.168Z - error: {"errorMessage":"Cannot read properties of undefined (reading 'value')","errorName":"TypeError"}
2022-12-20T11:34:52.006Z - error: {"errorMessage":"Cannot read properties of undefined (reading 'value')","errorName":"TypeError"}
2022-12-20T11:35:37.033Z - error: {"errorMessage":"Cannot read properties of undefined (reading 'value')","errorName":"TypeError"}
2022-12-20T11:36:36.641Z - error: {"errorMessage":"Cannot read properties of undefined (reading 'value')","errorName":"TypeError"}
2022-12-20T11:37:02.952Z - error: {"errorMessage":"Cannot read properties of undefined (reading 'value')","errorName":"TypeError"}
2022-12-20T11:37:42.936Z - error: {"errorMessage":"Cannot read properties of undefined (reading 'value')","errorName":"TypeError"}
2022-12-20T11:37:53.559Z - error: {"errorMessage":"Cannot read properties of undefined (reading 'value')","errorName":"TypeError"}
2022-12-20T11:38:10.818Z - error: {"errorMessage":"Cannot read properties of undefined (reading 'value')","errorName":"TypeError"}
2022-12-20T11:38:34.013Z - error: {"errorMessage":"Cannot read properties of undefined (reading 'value')","errorName":"TypeError"}
2022-12-20T11:39:05.922Z - error: {"errorMessage":"Cannot read properties of undefined (reading 'value')","errorName":"TypeError"}
2022-12-20T11:39:53.511Z - error: {"errorMessage":"Cannot read properties of undefined (reading 'value')","errorName":"TypeError"}
2022-12-20T11:40:46.985Z - error: {"errorMessage":"Cannot read properties of undefined (reading 'typeCondition')","errorName":"TypeError"}
2022-12-20T11:40:59.202Z - error: {"errorMessage":"Cannot read properties of undefined (reading 'value')","errorName":"TypeError"}
2022-12-20T11:41:08.837Z - error: {"errorMessage":"Cannot read properties of undefined (reading 'value')","errorName":"TypeError"}
2022-12-20T11:41:54.118Z - error: {"errorMessage":"Cannot read properties of undefined (reading 'value')","errorName":"TypeError"}
