2022-12-23T10:22:12.851Z - info: Got SIGINT (aka ctrl-c in docker). Graceful shutdown
2022-12-23T10:22:12.853Z - warn: server.close is not a function
2022-12-23T10:22:12.857Z - info: Got SIGINT (aka ctrl-c in docker). Graceful shutdown
2022-12-23T10:22:12.858Z - warn: server.close is not a function
2022-12-23T10:22:12.866Z - info: Got SIGINT (aka ctrl-c in docker). Graceful shutdown
2022-12-23T10:22:12.866Z - warn: server.close is not a function
2022-12-23T10:22:12.874Z - info: Got SIGINT (aka ctrl-c in docker). Graceful shutdown
2022-12-23T10:22:12.875Z - warn: server.close is not a function
2022-12-23T10:25:02.985Z - info: 🚀. Server ready at http://localhost:4000/graphql
2022-12-23T10:25:32.773Z - error: TypeError: User.create(...).save is not a function
    at Object.module.exports [as register] (/home/duytan/backend-graphql/app/datasources/controllers/User/register.js:4:65)
    at Object.register (/home/duytan/backend-graphql/app/resolvers/mutationResolver.js:19:54)
    at field.resolve (/home/duytan/backend-graphql/node_modules/apollo-server-core/dist/utils/schemaInstrumentation.js:56:26)
    at resolveField (/home/duytan/backend-graphql/node_modules/graphql/execution/execute.js:464:18)
    at /home/duytan/backend-graphql/node_modules/graphql/execution/execute.js:261:18
    at /home/duytan/backend-graphql/node_modules/graphql/jsutils/promiseReduce.js:23:10
    at Array.reduce (<anonymous>)
    at promiseReduce (/home/duytan/backend-graphql/node_modules/graphql/jsutils/promiseReduce.js:20:17)
    at executeFieldsSerially (/home/duytan/backend-graphql/node_modules/graphql/execution/execute.js:258:37)
    at executeOperation (/home/duytan/backend-graphql/node_modules/graphql/execution/execute.js:236:55)
2022-12-23T10:26:13.521Z - info: 🚀. Server ready at http://localhost:4000/graphql
2022-12-23T10:26:15.674Z - error: TypeError: User.create(...).save is not a function
    at Object.module.exports [as register] (/home/duytan/backend-graphql/app/datasources/controllers/User/register.js:4:61)
    at Object.register (/home/duytan/backend-graphql/app/resolvers/mutationResolver.js:19:54)
    at field.resolve (/home/duytan/backend-graphql/node_modules/apollo-server-core/dist/utils/schemaInstrumentation.js:56:26)
    at resolveField (/home/duytan/backend-graphql/node_modules/graphql/execution/execute.js:464:18)
    at /home/duytan/backend-graphql/node_modules/graphql/execution/execute.js:261:18
    at /home/duytan/backend-graphql/node_modules/graphql/jsutils/promiseReduce.js:23:10
    at Array.reduce (<anonymous>)
    at promiseReduce (/home/duytan/backend-graphql/node_modules/graphql/jsutils/promiseReduce.js:20:17)
    at executeFieldsSerially (/home/duytan/backend-graphql/node_modules/graphql/execution/execute.js:258:37)
    at executeOperation (/home/duytan/backend-graphql/node_modules/graphql/execution/execute.js:236:55)
2022-12-23T10:26:15.678Z - warn: ObjectParameterError: Parameter "obj" to Document() must be an object, got daicacatan
    at model.Document (/home/duytan/backend-graphql/node_modules/mongoose/lib/document.js:113:11)
    at model.Model (/home/duytan/backend-graphql/node_modules/mongoose/lib/model.js:121:12)
    at new model (/home/duytan/backend-graphql/node_modules/mongoose/lib/model.js:5039:15)
    at /home/duytan/backend-graphql/node_modules/mongoose/lib/model.js:3187:22
    at /home/duytan/backend-graphql/node_modules/mongoose/lib/model.js:3222:7
    at Array.forEach (<anonymous>)
    at /home/duytan/backend-graphql/node_modules/mongoose/lib/model.js:3221:15
    at /home/duytan/backend-graphql/node_modules/mongoose/lib/helpers/promiseOrCallback.js:41:5
    at new Promise (<anonymous>)
    at promiseOrCallback (/home/duytan/backend-graphql/node_modules/mongoose/lib/helpers/promiseOrCallback.js:40:10)
2022-12-23T10:27:19.589Z - error: TypeError: User.create(...).save is not a function
    at Object.module.exports [as register] (/home/duytan/backend-graphql/app/datasources/controllers/User/register.js:4:61)
    at Object.register (/home/duytan/backend-graphql/app/resolvers/mutationResolver.js:19:54)
    at field.resolve (/home/duytan/backend-graphql/node_modules/apollo-server-core/dist/utils/schemaInstrumentation.js:56:26)
    at resolveField (/home/duytan/backend-graphql/node_modules/graphql/execution/execute.js:464:18)
    at /home/duytan/backend-graphql/node_modules/graphql/execution/execute.js:261:18
    at /home/duytan/backend-graphql/node_modules/graphql/jsutils/promiseReduce.js:23:10
    at Array.reduce (<anonymous>)
    at promiseReduce (/home/duytan/backend-graphql/node_modules/graphql/jsutils/promiseReduce.js:20:17)
    at executeFieldsSerially (/home/duytan/backend-graphql/node_modules/graphql/execution/execute.js:258:37)
    at executeOperation (/home/duytan/backend-graphql/node_modules/graphql/execution/execute.js:236:55)
2022-12-23T10:27:19.591Z - warn: ObjectParameterError: Parameter "obj" to Document() must be an object, got daicacatan
    at model.Document (/home/duytan/backend-graphql/node_modules/mongoose/lib/document.js:113:11)
    at model.Model (/home/duytan/backend-graphql/node_modules/mongoose/lib/model.js:121:12)
    at new model (/home/duytan/backend-graphql/node_modules/mongoose/lib/model.js:5039:15)
    at /home/duytan/backend-graphql/node_modules/mongoose/lib/model.js:3187:22
    at /home/duytan/backend-graphql/node_modules/mongoose/lib/model.js:3222:7
    at Array.forEach (<anonymous>)
    at /home/duytan/backend-graphql/node_modules/mongoose/lib/model.js:3221:15
    at /home/duytan/backend-graphql/node_modules/mongoose/lib/helpers/promiseOrCallback.js:41:5
    at new Promise (<anonymous>)
    at promiseOrCallback (/home/duytan/backend-graphql/node_modules/mongoose/lib/helpers/promiseOrCallback.js:40:10)
2022-12-23T10:28:28.254Z - info: 🚀. Server ready at http://localhost:4000/graphql
2022-12-23T10:28:30.052Z - info: 🚀. Server ready at http://localhost:4000/graphql
2022-12-23T10:28:33.336Z - error: TypeError: User.create(...).save is not a function
    at Object.module.exports [as register] (/home/duytan/backend-graphql/app/datasources/controllers/User/register.js:4:65)
    at Object.register (/home/duytan/backend-graphql/app/resolvers/mutationResolver.js:19:54)
    at field.resolve (/home/duytan/backend-graphql/node_modules/apollo-server-core/dist/utils/schemaInstrumentation.js:56:26)
    at resolveField (/home/duytan/backend-graphql/node_modules/graphql/execution/execute.js:464:18)
    at /home/duytan/backend-graphql/node_modules/graphql/execution/execute.js:261:18
    at /home/duytan/backend-graphql/node_modules/graphql/jsutils/promiseReduce.js:23:10
    at Array.reduce (<anonymous>)
    at promiseReduce (/home/duytan/backend-graphql/node_modules/graphql/jsutils/promiseReduce.js:20:17)
    at executeFieldsSerially (/home/duytan/backend-graphql/node_modules/graphql/execution/execute.js:258:37)
    at executeOperation (/home/duytan/backend-graphql/node_modules/graphql/execution/execute.js:236:55)
2022-12-23T10:28:58.465Z - info: 🚀. Server ready at http://localhost:4000/graphql
2022-12-23T10:28:59.715Z - info: 🚀. Server ready at http://localhost:4000/graphql
2022-12-23T10:29:04.766Z - info: 🚀. Server ready at http://localhost:4000/graphql
2022-12-23T10:29:11.962Z - info: 🚀. Server ready at http://localhost:4000/graphql
2022-12-23T10:29:24.763Z - info: 🚀. Server ready at http://localhost:4000/graphql
2022-12-23T10:29:36.894Z - error: MongoServerError: E11000 duplicate key error collection: medium.users index: email_1 dup key: { : "daicatan@gmail.com" }
    at /home/duytan/backend-graphql/node_modules/mongodb/lib/operations/insert.js:53:33
    at /home/duytan/backend-graphql/node_modules/mongodb/lib/cmap/connection_pool.js:307:25
    at /home/duytan/backend-graphql/node_modules/mongodb/lib/sdam/server.js:213:17
    at handleOperationResult (/home/duytan/backend-graphql/node_modules/mongodb/lib/sdam/server.js:329:20)
    at Connection.onMessage (/home/duytan/backend-graphql/node_modules/mongodb/lib/cmap/connection.js:242:9)
    at MessageStream.<anonymous> (/home/duytan/backend-graphql/node_modules/mongodb/lib/cmap/connection.js:61:60)
    at MessageStream.emit (node:events:527:28)
    at processIncomingData (/home/duytan/backend-graphql/node_modules/mongodb/lib/cmap/message_stream.js:125:16)
    at MessageStream._write (/home/duytan/backend-graphql/node_modules/mongodb/lib/cmap/message_stream.js:33:9)
    at writeOrBuffer (node:internal/streams/writable:389:12)
2022-12-23T10:29:54.570Z - info: 🚀. Server ready at http://localhost:4000/graphql
2022-12-23T10:29:55.593Z - error: MongoServerError: E11000 duplicate key error collection: medium.users index: email_1 dup key: { : "daicatan@gmail.com" }
    at /home/duytan/backend-graphql/node_modules/mongodb/lib/operations/insert.js:53:33
    at /home/duytan/backend-graphql/node_modules/mongodb/lib/cmap/connection_pool.js:307:25
    at /home/duytan/backend-graphql/node_modules/mongodb/lib/sdam/server.js:213:17
    at handleOperationResult (/home/duytan/backend-graphql/node_modules/mongodb/lib/sdam/server.js:329:20)
    at Connection.onMessage (/home/duytan/backend-graphql/node_modules/mongodb/lib/cmap/connection.js:242:9)
    at MessageStream.<anonymous> (/home/duytan/backend-graphql/node_modules/mongodb/lib/cmap/connection.js:61:60)
    at MessageStream.emit (node:events:527:28)
    at processIncomingData (/home/duytan/backend-graphql/node_modules/mongodb/lib/cmap/message_stream.js:125:16)
    at MessageStream._write (/home/duytan/backend-graphql/node_modules/mongodb/lib/cmap/message_stream.js:33:9)
    at writeOrBuffer (node:internal/streams/writable:389:12)
2022-12-23T10:30:08.491Z - info: 🚀. Server ready at http://localhost:4000/graphql
2022-12-23T10:30:10.877Z - info: 🚀. Server ready at http://localhost:4000/graphql
2022-12-23T10:31:34.502Z - info: 🚀. Server ready at http://localhost:4000/graphql
2022-12-23T10:31:36.038Z - info: 🚀. Server ready at http://localhost:4000/graphql
2022-12-23T10:31:37.009Z - info: 🚀. Server ready at http://localhost:4000/graphql
2022-12-23T10:31:41.014Z - info: 🚀. Server ready at http://localhost:4000/graphql
2022-12-23T10:31:41.945Z - error: MongoServerError: E11000 duplicate key error collection: medium.users index: email_1 dup key: { : "daicatan1@gmail.com" }
    at /home/duytan/backend-graphql/node_modules/mongodb/lib/operations/insert.js:53:33
    at /home/duytan/backend-graphql/node_modules/mongodb/lib/cmap/connection_pool.js:307:25
    at /home/duytan/backend-graphql/node_modules/mongodb/lib/sdam/server.js:213:17
    at handleOperationResult (/home/duytan/backend-graphql/node_modules/mongodb/lib/sdam/server.js:329:20)
    at Connection.onMessage (/home/duytan/backend-graphql/node_modules/mongodb/lib/cmap/connection.js:242:9)
    at MessageStream.<anonymous> (/home/duytan/backend-graphql/node_modules/mongodb/lib/cmap/connection.js:61:60)
    at MessageStream.emit (node:events:527:28)
    at processIncomingData (/home/duytan/backend-graphql/node_modules/mongodb/lib/cmap/message_stream.js:125:16)
    at MessageStream._write (/home/duytan/backend-graphql/node_modules/mongodb/lib/cmap/message_stream.js:33:9)
    at writeOrBuffer (node:internal/streams/writable:389:12)
2022-12-23T10:32:01.715Z - info: 🚀. Server ready at http://localhost:4000/graphql
2022-12-23T10:32:04.745Z - info: 🚀. Server ready at http://localhost:4000/graphql
2022-12-23T10:32:06.156Z - error: MongoServerError: E11000 duplicate key error collection: medium.users index: email_1 dup key: { : "daicatan1@gmail.com" }
    at /home/duytan/backend-graphql/node_modules/mongodb/lib/operations/insert.js:53:33
    at /home/duytan/backend-graphql/node_modules/mongodb/lib/cmap/connection_pool.js:307:25
    at /home/duytan/backend-graphql/node_modules/mongodb/lib/sdam/server.js:213:17
    at handleOperationResult (/home/duytan/backend-graphql/node_modules/mongodb/lib/sdam/server.js:329:20)
    at Connection.onMessage (/home/duytan/backend-graphql/node_modules/mongodb/lib/cmap/connection.js:242:9)
    at MessageStream.<anonymous> (/home/duytan/backend-graphql/node_modules/mongodb/lib/cmap/connection.js:61:60)
    at MessageStream.emit (node:events:527:28)
    at processIncomingData (/home/duytan/backend-graphql/node_modules/mongodb/lib/cmap/message_stream.js:125:16)
    at MessageStream._write (/home/duytan/backend-graphql/node_modules/mongodb/lib/cmap/message_stream.js:33:9)
    at writeOrBuffer (node:internal/streams/writable:389:12)
2022-12-23T10:32:49.839Z - info: 🚀. Server ready at http://localhost:4000/graphql
2022-12-23T10:32:53.530Z - info: 🚀. Server ready at http://localhost:4000/graphql
2022-12-23T10:33:02.989Z - info: 🚀. Server ready at http://localhost:4000/graphql
2022-12-23T10:33:06.146Z - info: 🚀. Server ready at http://localhost:4000/graphql
2022-12-23T10:33:11.267Z - error: ReferenceError: user is not defined
    at Object.module.exports [as register] (/home/duytan/backend-graphql/app/datasources/controllers/User/register.js:23:12)
    at processTicksAndRejections (node:internal/process/task_queues:96:5)
    at async Object.register (/home/duytan/backend-graphql/app/resolvers/mutationResolver.js:19:31)
2022-12-23T10:33:27.425Z - error: ReferenceError: user is not defined
    at Object.module.exports [as register] (/home/duytan/backend-graphql/app/datasources/controllers/User/register.js:23:12)
    at processTicksAndRejections (node:internal/process/task_queues:96:5)
    at async Object.register (/home/duytan/backend-graphql/app/resolvers/mutationResolver.js:19:31)
2022-12-23T10:34:22.257Z - info: 🚀. Server ready at http://localhost:4000/graphql
2022-12-23T10:34:28.187Z - info: 🚀. Server ready at http://localhost:4000/graphql
2022-12-23T10:34:33.655Z - info: 🚀. Server ready at http://localhost:4000/graphql
2022-12-23T10:34:39.057Z - info: 🚀. Server ready at http://localhost:4000/graphql
2022-12-23T10:34:42.890Z - info: 🚀. Server ready at http://localhost:4000/graphql
2022-12-23T10:34:57.751Z - info: 🚀. Server ready at http://localhost:4000/graphql
2022-12-23T10:35:01.468Z - info: 🚀. Server ready at http://localhost:4000/graphql
2022-12-23T10:35:04.038Z - info: 🚀. Server ready at http://localhost:4000/graphql
2022-12-23T10:35:32.062Z - info: 🚀. Server ready at http://localhost:4000/graphql
2022-12-23T10:35:40.305Z - error: undefined
2022-12-23T10:36:21.745Z - info: 🚀. Server ready at http://localhost:4000/graphql
2022-12-23T10:36:22.407Z - error: undefined
2022-12-23T10:36:32.714Z - info: 🚀. Server ready at http://localhost:4000/graphql
2022-12-23T10:36:34.668Z - info: 🚀. Server ready at http://localhost:4000/graphql
2022-12-23T10:36:45.001Z - info: 🚀. Server ready at http://localhost:4000/graphql
2022-12-23T10:36:45.417Z - error: MongoServerError: E11000 duplicate key error collection: medium.users index: email_1 dup key: { : "daicatan2@gmail.com" }
    at /home/duytan/backend-graphql/node_modules/mongodb/lib/operations/insert.js:53:33
    at /home/duytan/backend-graphql/node_modules/mongodb/lib/cmap/connection_pool.js:307:25
    at /home/duytan/backend-graphql/node_modules/mongodb/lib/sdam/server.js:213:17
    at handleOperationResult (/home/duytan/backend-graphql/node_modules/mongodb/lib/sdam/server.js:329:20)
    at Connection.onMessage (/home/duytan/backend-graphql/node_modules/mongodb/lib/cmap/connection.js:242:9)
    at MessageStream.<anonymous> (/home/duytan/backend-graphql/node_modules/mongodb/lib/cmap/connection.js:61:60)
    at MessageStream.emit (node:events:527:28)
    at processIncomingData (/home/duytan/backend-graphql/node_modules/mongodb/lib/cmap/message_stream.js:125:16)
    at MessageStream._write (/home/duytan/backend-graphql/node_modules/mongodb/lib/cmap/message_stream.js:33:9)
    at writeOrBuffer (node:internal/streams/writable:389:12)
2022-12-23T10:36:56.294Z - info: 🚀. Server ready at http://localhost:4000/graphql
2022-12-23T10:36:59.630Z - info: 🚀. Server ready at http://localhost:4000/graphql
2022-12-23T10:37:05.239Z - info: 🚀. Server ready at http://localhost:4000/graphql
2022-12-23T10:37:11.229Z - info: 🚀. Server ready at http://localhost:4000/graphql
2022-12-23T10:37:12.452Z - error: MongoServerError: E11000 duplicate key error collection: medium.users index: email_1 dup key: { : "daicatan2@gmail.com" }
    at /home/duytan/backend-graphql/node_modules/mongodb/lib/operations/insert.js:53:33
    at /home/duytan/backend-graphql/node_modules/mongodb/lib/cmap/connection_pool.js:307:25
    at /home/duytan/backend-graphql/node_modules/mongodb/lib/sdam/server.js:213:17
    at handleOperationResult (/home/duytan/backend-graphql/node_modules/mongodb/lib/sdam/server.js:329:20)
    at Connection.onMessage (/home/duytan/backend-graphql/node_modules/mongodb/lib/cmap/connection.js:242:9)
    at MessageStream.<anonymous> (/home/duytan/backend-graphql/node_modules/mongodb/lib/cmap/connection.js:61:60)
    at MessageStream.emit (node:events:527:28)
    at processIncomingData (/home/duytan/backend-graphql/node_modules/mongodb/lib/cmap/message_stream.js:125:16)
    at MessageStream._write (/home/duytan/backend-graphql/node_modules/mongodb/lib/cmap/message_stream.js:33:9)
    at writeOrBuffer (node:internal/streams/writable:389:12)
2022-12-23T10:38:45.335Z - info: 🚀. Server ready at http://localhost:4000/graphql
2022-12-23T10:38:57.320Z - info: 🚀. Server ready at http://localhost:4000/graphql
2022-12-23T10:39:29.734Z - error: MongoServerError: E11000 duplicate key error collection: medium.users index: email_1 dup key: { : "daicatan2@gmail.com" }
    at /home/duytan/backend-graphql/node_modules/mongodb/lib/operations/insert.js:53:33
    at /home/duytan/backend-graphql/node_modules/mongodb/lib/cmap/connection_pool.js:307:25
    at /home/duytan/backend-graphql/node_modules/mongodb/lib/sdam/server.js:213:17
    at handleOperationResult (/home/duytan/backend-graphql/node_modules/mongodb/lib/sdam/server.js:329:20)
    at Connection.onMessage (/home/duytan/backend-graphql/node_modules/mongodb/lib/cmap/connection.js:242:9)
    at MessageStream.<anonymous> (/home/duytan/backend-graphql/node_modules/mongodb/lib/cmap/connection.js:61:60)
    at MessageStream.emit (node:events:527:28)
    at processIncomingData (/home/duytan/backend-graphql/node_modules/mongodb/lib/cmap/message_stream.js:125:16)
    at MessageStream._write (/home/duytan/backend-graphql/node_modules/mongodb/lib/cmap/message_stream.js:33:9)
    at writeOrBuffer (node:internal/streams/writable:389:12)
2022-12-23T10:39:46.786Z - info: 🚀. Server ready at http://localhost:4000/graphql
2022-12-23T10:39:49.901Z - error: E11000 duplicate key error collection: medium.users index: email_1 dup key: { : "daicatan2@gmail.com" }
2022-12-23T10:40:46.041Z - info: 🚀. Server ready at http://localhost:4000/graphql
2022-12-23T10:40:48.139Z - info: 🚀. Server ready at http://localhost:4000/graphql
2022-12-23T10:40:57.422Z - info: 🚀. Server ready at http://localhost:4000/graphql
2022-12-23T10:40:58.852Z - info: 🚀. Server ready at http://localhost:4000/graphql
2022-12-23T10:41:00.068Z - info: 🚀. Server ready at http://localhost:4000/graphql
2022-12-23T10:41:02.864Z - info: 🚀. Server ready at http://localhost:4000/graphql
2022-12-23T10:41:07.619Z - info: 🚀. Server ready at http://localhost:4000/graphql
2022-12-23T10:41:11.045Z - info: 🚀. Server ready at http://localhost:4000/graphql
2022-12-23T10:41:18.875Z - info: 🚀. Server ready at http://localhost:4000/graphql
2022-12-23T10:41:29.339Z - info: 🚀. Server ready at http://localhost:4000/graphql
2022-12-23T10:41:29.822Z - error: {"name":"MongoServerError","message":"E11000 duplicate key error collection: medium.users index: email_1 dup key: { : \"daicatan2@gmail.com\" }"}
2022-12-23T10:42:25.721Z - info: 🚀. Server ready at http://localhost:4000/graphql
2022-12-23T10:42:39.486Z - info: 🚀. Server ready at http://localhost:4000/graphql
2022-12-23T10:42:39.689Z - error: {"name":"MongoServerError","message":"E11000 duplicate key error collection: medium.users index: email_1 dup key: { : \"daicatan2@gmail.com\" }"}
2022-12-23T10:42:43.281Z - info: 🚀. Server ready at http://localhost:4000/graphql
2022-12-23T10:42:43.949Z - error: {"name":"MongoServerError","message":"E11000 duplicate key error collection: medium.users index: email_1 dup key: { : \"daicatan2@gmail.com\" }"}
2022-12-23T10:42:50.529Z - info: 🚀. Server ready at http://localhost:4000/graphql
2022-12-23T10:42:50.909Z - error: {"name":"MongoServerError","message":"E11000 duplicate key error collection: medium.users index: email_1 dup key: { : \"daicatan2@gmail.com\" }"}
2022-12-23T10:43:02.256Z - error: {"name":"MongoServerError","message":"E11000 duplicate key error collection: medium.users index: email_1 dup key: { : \"daicatan2@gmail.com\" }"}
2022-12-23T10:43:07.342Z - info: 🚀. Server ready at http://localhost:4000/graphql
2022-12-23T10:43:07.445Z - error: {"name":"TypeError","message":"userInstance.save is not a function"}
2022-12-23T10:43:07.456Z - warn: MongoServerError: E11000 duplicate key error collection: medium.users index: email_1 dup key: { : "daicatan2@gmail.com" }
    at /home/duytan/backend-graphql/node_modules/mongodb/lib/operations/insert.js:53:33
    at /home/duytan/backend-graphql/node_modules/mongodb/lib/cmap/connection_pool.js:307:25
    at /home/duytan/backend-graphql/node_modules/mongodb/lib/sdam/server.js:213:17
    at handleOperationResult (/home/duytan/backend-graphql/node_modules/mongodb/lib/sdam/server.js:329:20)
    at Connection.onMessage (/home/duytan/backend-graphql/node_modules/mongodb/lib/cmap/connection.js:242:9)
    at MessageStream.<anonymous> (/home/duytan/backend-graphql/node_modules/mongodb/lib/cmap/connection.js:61:60)
    at MessageStream.emit (node:events:527:28)
    at processIncomingData (/home/duytan/backend-graphql/node_modules/mongodb/lib/cmap/message_stream.js:125:16)
    at MessageStream._write (/home/duytan/backend-graphql/node_modules/mongodb/lib/cmap/message_stream.js:33:9)
    at writeOrBuffer (node:internal/streams/writable:389:12)
2022-12-23T10:43:11.937Z - info: 🚀. Server ready at http://localhost:4000/graphql
2022-12-23T10:43:13.519Z - error: {"name":"MongoServerError","message":"E11000 duplicate key error collection: medium.users index: email_1 dup key: { : \"daicatan2@gmail.com\" }"}
2022-12-23T10:43:57.584Z - info: 🚀. Server ready at http://localhost:4000/graphql
2022-12-23T10:44:00.629Z - error: {"name":"MongoServerError","message":"E11000 duplicate key error collection: medium.users index: email_1 dup key: { : \"daicatan2@gmail.com\" }"}
2022-12-23T10:44:08.271Z - error: {"name":"MongoServerError","message":"E11000 duplicate key error collection: medium.users index: email_1 dup key: { : \"daicatan2@gmail.com\" }"}
2022-12-23T10:44:48.811Z - error: {"name":"MongoServerError","message":"E11000 duplicate key error collection: medium.users index: email_1 dup key: { : \"daicatan6@gmail.com\" }"}
2022-12-23T10:45:38.425Z - info: 🚀. Server ready at http://localhost:4000/graphql
2022-12-23T10:45:39.945Z - info: 🚀. Server ready at http://localhost:4000/graphql
2022-12-23T10:45:41.380Z - info: 🚀. Server ready at http://localhost:4000/graphql
2022-12-23T10:45:42.660Z - info: 🚀. Server ready at http://localhost:4000/graphql
2022-12-23T10:45:46.174Z - info: 🚀. Server ready at http://localhost:4000/graphql
2022-12-23T10:45:47.504Z - info: 🚀. Server ready at http://localhost:4000/graphql
2022-12-23T10:45:52.358Z - info: 🚀. Server ready at http://localhost:4000/graphql
2022-12-23T10:46:02.334Z - info: 🚀. Server ready at http://localhost:4000/graphql
2022-12-23T10:46:04.074Z - info: 🚀. Server ready at http://localhost:4000/graphql
2022-12-23T10:46:07.028Z - info: 🚀. Server ready at http://localhost:4000/graphql
2022-12-23T10:46:15.784Z - info: 🚀. Server ready at http://localhost:4000/graphql
2022-12-23T10:46:17.485Z - info: 🚀. Server ready at http://localhost:4000/graphql
2022-12-23T10:46:18.880Z - info: 🚀. Server ready at http://localhost:4000/graphql
2022-12-23T10:46:20.005Z - info: 🚀. Server ready at http://localhost:4000/graphql
2022-12-23T10:50:42.003Z - info: 🚀. Server ready at http://localhost:4000/graphql
2022-12-23T10:50:43.762Z - info: 🚀. Server ready at http://localhost:4000/graphql
2022-12-23T10:50:47.500Z - info: 🚀. Server ready at http://localhost:4000/graphql
2022-12-23T10:50:49.148Z - info: 🚀. Server ready at http://localhost:4000/graphql
2022-12-23T10:51:00.038Z - info: 🚀. Server ready at http://localhost:4000/graphql
2022-12-23T10:51:10.618Z - info: 🚀. Server ready at http://localhost:4000/graphql
2022-12-23T10:51:13.824Z - info: 🚀. Server ready at http://localhost:4000/graphql
2022-12-23T10:51:20.882Z - info: 🚀. Server ready at http://localhost:4000/graphql
2022-12-23T10:51:29.135Z - info: 🚀. Server ready at http://localhost:4000/graphql
2022-12-23T10:51:32.854Z - info: 🚀. Server ready at http://localhost:4000/graphql
2022-12-23T10:51:34.325Z - info: 🚀. Server ready at http://localhost:4000/graphql
2022-12-23T10:51:45.472Z - info: 🚀. Server ready at http://localhost:4000/graphql
2022-12-23T10:51:47.984Z - info: 🚀. Server ready at http://localhost:4000/graphql
2022-12-23T10:51:50.164Z - info: 🚀. Server ready at http://localhost:4000/graphql
2022-12-23T10:51:52.087Z - info: 🚀. Server ready at http://localhost:4000/graphql
2022-12-23T10:52:00.834Z - info: 🚀. Server ready at http://localhost:4000/graphql
2022-12-23T10:52:03.336Z - info: 🚀. Server ready at http://localhost:4000/graphql
2022-12-23T10:52:18.770Z - error: {"name":"MongoServerError","message":"E11000 duplicate key error collection: medium.users index: email_1 dup key: { : \"daicatan6@gmail.com\" }"}
2022-12-23T11:21:39.489Z - info: 🚀. Server ready at http://localhost:4000/graphql
2022-12-23T11:21:45.441Z - error: {"name":"MongoServerError","message":"E11000 duplicate key error collection: medium.users index: email_1 dup key: { : \"daicatan6@gmail.com\" }"}
2022-12-23T11:22:07.380Z - info: 🚀. Server ready at http://localhost:4000/graphql
2022-12-23T11:22:08.734Z - info: 🚀. Server ready at http://localhost:4000/graphql
2022-12-23T11:22:39.045Z - error: {"name":"MongoServerError","message":"E11000 duplicate key error collection: medium.users index: email_1 dup key: { : \"daicatan6@gmail.com\" }"}
2022-12-23T11:23:02.471Z - info: 🚀. Server ready at http://localhost:4000/graphql
2022-12-23T11:23:03.773Z - error: {"name":"MongoServerError","message":"E11000 duplicate key error collection: medium.users index: email_1 dup key: { : \"daicatan6@gmail.com\" }"}
2022-12-23T11:23:07.159Z - info: 🚀. Server ready at http://localhost:4000/graphql
2022-12-23T11:23:08.642Z - info: 🚀. Server ready at http://localhost:4000/graphql
2022-12-23T11:23:09.769Z - error: {"name":"MongoServerError","message":"E11000 duplicate key error collection: medium.users index: email_1 dup key: { : \"daicatan6@gmail.com\" }"}
2022-12-23T11:25:06.790Z - error: {"name":"MongoServerError","message":"E11000 duplicate key error collection: medium.users index: email_1 dup key: { : \"daicatan6@gmail.com\" }"}
2022-12-23T11:25:14.792Z - error: {"name":"TypeError","message":"Cannot read properties of undefined (reading 'headers')"}
2022-12-23T11:27:27.715Z - info: 🚀. Server ready at http://localhost:4000/graphql
2022-12-23T11:27:38.504Z - info: 🚀. Server ready at http://localhost:4000/graphql
2022-12-23T11:27:40.962Z - info: 🚀. Server ready at http://localhost:4000/graphql
2022-12-23T11:27:45.034Z - info: 🚀. Server ready at http://localhost:4000/graphql
2022-12-23T11:27:46.078Z - error: {"name":"MongoServerError","message":"E11000 duplicate key error collection: medium.users index: email_1 dup key: { : \"daicatan7@gmail.com\" }"}
2022-12-23T11:27:55.019Z - error: {"name":"ReferenceError","message":"crypto is not defined"}
2022-12-23T11:28:06.171Z - info: 🚀. Server ready at http://localhost:4000/graphql
