2022-12-20T04:27:27.304Z - info: 🚀. Server ready at http://localhost:4000/graphql
2022-12-20T04:27:30.458Z - info: 🚀. Server ready at http://localhost:4000/graphql
2022-12-20T04:28:02.697Z - info: 🚀. Server ready at http://localhost:4000/graphql
2022-12-20T04:28:04.359Z - info: 🚀. Server ready at http://localhost:4000/graphql
2022-12-20T04:28:09.119Z - info: 🚀. Server ready at http://localhost:4000/graphql
2022-12-20T04:28:10.225Z - info: 🚀. Server ready at http://localhost:4000/graphql
2022-12-20T04:28:50.275Z - info: 🚀. Server ready at http://localhost:4000/graphql
2022-12-20T04:28:55.682Z - info: 🚀. Server ready at http://localhost:4000/graphql
2022-12-20T04:28:58.595Z - info: 🚀. Server ready at http://localhost:4000/graphql
2022-12-20T04:29:00.749Z - info: 🚀. Server ready at http://localhost:4000/graphql
2022-12-20T04:29:36.022Z - info: 🚀. Server ready at http://localhost:4000/graphql
2022-12-20T04:30:03.750Z - info: 🚀. Server ready at http://localhost:4000/graphql
2022-12-20T04:30:12.367Z - info: 🚀. Server ready at http://localhost:4000/graphql
2022-12-20T04:30:18.232Z - info: 🚀. Server ready at http://localhost:4000/graphql
2022-12-20T04:30:25.028Z - info: 🚀. Server ready at http://localhost:4000/graphql
2022-12-20T04:30:31.820Z - info: 🚀. Server ready at http://localhost:4000/graphql
2022-12-20T04:30:34.814Z - info: 🚀. Server ready at http://localhost:4000/graphql
2022-12-20T04:30:36.263Z - info: 🚀. Server ready at http://localhost:4000/graphql
2022-12-20T04:30:56.116Z - info: 🚀. Server ready at http://localhost:4000/graphql
2022-12-20T04:31:08.561Z - info: 🚀. Server ready at http://localhost:4000/graphql
2022-12-20T04:31:13.625Z - info: 🚀. Server ready at http://localhost:4000/graphql
2022-12-20T04:31:36.544Z - info: 🚀. Server ready at http://localhost:4000/graphql
2022-12-20T04:31:39.249Z - info: 🚀. Server ready at http://localhost:4000/graphql
2022-12-20T04:31:41.693Z - info: 🚀. Server ready at http://localhost:4000/graphql
2022-12-20T04:31:44.668Z - info: 🚀. Server ready at http://localhost:4000/graphql
2022-12-20T04:32:00.201Z - info: 🚀. Server ready at http://localhost:4000/graphql
2022-12-20T04:32:23.522Z - info: 🚀. Server ready at http://localhost:4000/graphql
2022-12-20T04:32:27.361Z - info: 🚀. Server ready at http://localhost:4000/graphql
2022-12-20T04:32:29.975Z - info: 🚀. Server ready at http://localhost:4000/graphql
2022-12-20T04:32:42.366Z - info: 🚀. Server ready at http://localhost:4000/graphql
2022-12-20T04:32:59.075Z - info: 🚀. Server ready at http://localhost:4000/graphql
2022-12-20T04:33:02.370Z - info: 🚀. Server ready at http://localhost:4000/graphql
2022-12-20T04:33:05.196Z - info: 🚀. Server ready at http://localhost:4000/graphql
2022-12-20T04:33:11.718Z - info: 🚀. Server ready at http://localhost:4000/graphql
2022-12-20T04:33:15.029Z - info: 🚀. Server ready at http://localhost:4000/graphql
2022-12-20T04:33:35.398Z - info: 🚀. Server ready at http://localhost:4000/graphql
2022-12-20T04:33:36.648Z - info: 🚀. Server ready at http://localhost:4000/graphql
2022-12-20T04:33:45.372Z - info: 🚀. Server ready at http://localhost:4000/graphql
2022-12-20T04:33:51.262Z - info: 🚀. Server ready at http://localhost:4000/graphql
2022-12-20T04:33:53.365Z - info: 🚀. Server ready at http://localhost:4000/graphql
2022-12-20T04:34:00.270Z - info: 🚀. Server ready at http://localhost:4000/graphql
2022-12-20T04:34:03.892Z - info: 🚀. Server ready at http://localhost:4000/graphql
2022-12-20T04:34:19.251Z - info: 🚀. Server ready at http://localhost:4000/graphql
2022-12-20T04:34:29.232Z - info: 🚀. Server ready at http://localhost:4000/graphql
2022-12-20T04:34:30.982Z - info: 🚀. Server ready at http://localhost:4000/graphql
2022-12-20T04:35:55.546Z - info: 🚀. Server ready at http://localhost:4000/graphql
2022-12-20T04:36:37.661Z - info: 🚀. Server ready at http://localhost:4000/graphql
2022-12-20T04:36:50.657Z - info: 🚀. Server ready at http://localhost:4000/graphql
2022-12-20T04:37:17.151Z - info: 🚀. Server ready at http://localhost:4000/graphql
2022-12-20T04:37:21.311Z - info: 🚀. Server ready at http://localhost:4000/graphql
2022-12-20T04:37:28.129Z - info: 🚀. Server ready at http://localhost:4000/graphql
2022-12-20T04:37:30.336Z - error: {"errorMessage":"E11000 duplicate key error collection: medium.useraccounts index: email_1 dup key: { : \"daicatan@gmail.com\" }","errorName":"MongoBulkWriteError"}
2022-12-20T04:37:40.150Z - info: 🚀. Server ready at http://localhost:4000/graphql
2022-12-20T04:37:45.203Z - info: 🚀. Server ready at http://localhost:4000/graphql
2022-12-20T04:37:45.867Z - error: {"errorMessage":"E11000 duplicate key error collection: medium.useraccounts index: email_1 dup key: { : \"daicatan@gmail.com\" }","errorName":"MongoBulkWriteError"}
2022-12-20T04:38:33.598Z - info: 🚀. Server ready at http://localhost:4000/graphql
2022-12-20T04:38:45.385Z - info: 🚀. Server ready at http://localhost:4000/graphql
2022-12-20T04:38:56.265Z - info: 🚀. Server ready at http://localhost:4000/graphql
2022-12-20T04:39:02.344Z - info: 🚀. Server ready at http://localhost:4000/graphql
2022-12-20T04:39:11.070Z - info: 🚀. Server ready at http://localhost:4000/graphql
2022-12-20T04:39:15.482Z - info: 🚀. Server ready at http://localhost:4000/graphql
2022-12-20T04:39:24.552Z - info: 🚀. Server ready at http://localhost:4000/graphql
2022-12-20T04:42:21.687Z - info: 🚀. Server ready at http://localhost:4000/graphql
2022-12-20T04:42:26.511Z - info: 🚀. Server ready at http://localhost:4000/graphql
2022-12-20T04:42:28.323Z - info: 🚀. Server ready at http://localhost:4000/graphql
2022-12-20T04:42:37.048Z - info: 🚀. Server ready at http://localhost:4000/graphql
2022-12-20T04:43:48.197Z - info: 🚀. Server ready at http://localhost:4000/graphql
2022-12-20T04:43:58.196Z - info: 🚀. Server ready at http://localhost:4000/graphql
2022-12-20T04:44:03.034Z - info: 🚀. Server ready at http://localhost:4000/graphql
2022-12-20T04:44:51.443Z - info: 🚀. Server ready at http://localhost:4000/graphql
2022-12-20T04:44:53.524Z - info: 🚀. Server ready at http://localhost:4000/graphql
2022-12-20T04:44:57.684Z - info: 🚀. Server ready at http://localhost:4000/graphql
2022-12-20T04:45:02.266Z - info: 🚀. Server ready at http://localhost:4000/graphql
2022-12-20T04:45:03.907Z - info: 🚀. Server ready at http://localhost:4000/graphql
2022-12-20T04:45:10.091Z - info: 🚀. Server ready at http://localhost:4000/graphql
2022-12-20T04:45:15.637Z - info: 🚀. Server ready at http://localhost:4000/graphql
2022-12-20T04:45:48.408Z - info: 🚀. Server ready at http://localhost:4000/graphql
2022-12-20T04:45:58.541Z - info: 🚀. Server ready at http://localhost:4000/graphql
2022-12-20T04:48:44.994Z - info: 🚀. Server ready at http://localhost:4000/graphql
2022-12-20T04:49:16.781Z - info: 🚀. Server ready at http://localhost:4000/graphql
2022-12-20T04:49:18.114Z - info: 🚀. Server ready at http://localhost:4000/graphql
2022-12-20T04:51:43.689Z - info: 🚀. Server ready at http://localhost:4000/graphql
2022-12-20T04:53:58.391Z - info: 🚀. Server ready at http://localhost:4000/graphql
2022-12-20T04:54:10.006Z - info: 🚀. Server ready at http://localhost:4000/graphql
2022-12-20T04:54:17.188Z - info: 🚀. Server ready at http://localhost:4000/graphql
2022-12-20T04:54:27.805Z - info: 🚀. Server ready at http://localhost:4000/graphql
2022-12-20T04:54:34.156Z - info: 🚀. Server ready at http://localhost:4000/graphql
2022-12-20T04:54:37.795Z - info: 🚀. Server ready at http://localhost:4000/graphql
2022-12-20T04:54:39.876Z - info: 🚀. Server ready at http://localhost:4000/graphql
2022-12-20T04:54:40.942Z - info: 🚀. Server ready at http://localhost:4000/graphql
2022-12-20T04:54:46.965Z - info: 🚀. Server ready at http://localhost:4000/graphql
2022-12-20T04:54:56.378Z - info: 🚀. Server ready at http://localhost:4000/graphql
2022-12-20T04:55:03.722Z - info: 🚀. Server ready at http://localhost:4000/graphql
2022-12-20T04:55:07.020Z - info: 🚀. Server ready at http://localhost:4000/graphql
2022-12-20T06:36:02.660Z - info: 🚀. Server ready at http://localhost:4000/graphql
2022-12-20T06:37:57.389Z - info: 🚀. Server ready at http://localhost:4000/graphql
2022-12-20T06:39:17.340Z - info: 🚀. Server ready at http://localhost:4000/graphql
2022-12-20T06:39:18.701Z - info: 🚀. Server ready at http://localhost:4000/graphql
2022-12-20T06:39:46.184Z - info: 🚀. Server ready at http://localhost:4000/graphql
2022-12-20T06:40:24.307Z - info: 🚀. Server ready at http://localhost:4000/graphql
2022-12-20T06:40:26.041Z - info: 🚀. Server ready at http://localhost:4000/graphql
2022-12-20T06:40:52.479Z - info: 🚀. Server ready at http://localhost:4000/graphql
2022-12-20T06:41:08.020Z - info: 🚀. Server ready at http://localhost:4000/graphql
2022-12-20T06:41:41.562Z - info: 🚀. Server ready at http://localhost:4000/graphql
2022-12-20T06:42:15.684Z - info: 🚀. Server ready at http://localhost:4000/graphql
2022-12-20T06:42:42.647Z - info: 🚀. Server ready at http://localhost:4000/graphql
2022-12-20T06:42:47.455Z - info: 🚀. Server ready at http://localhost:4000/graphql
2022-12-20T06:42:51.386Z - info: 🚀. Server ready at http://localhost:4000/graphql
2022-12-20T06:43:05.738Z - info: 🚀. Server ready at http://localhost:4000/graphql
2022-12-20T06:43:14.012Z - info: 🚀. Server ready at http://localhost:4000/graphql
2022-12-20T06:43:14.997Z - info: 🚀. Server ready at http://localhost:4000/graphql
2022-12-20T06:43:27.114Z - info: 🚀. Server ready at http://localhost:4000/graphql
2022-12-20T06:44:05.665Z - info: 🚀. Server ready at http://localhost:4000/graphql
2022-12-20T06:44:17.802Z - info: 🚀. Server ready at http://localhost:4000/graphql
2022-12-20T06:44:43.950Z - info: 🚀. Server ready at http://localhost:4000/graphql
2022-12-20T06:44:48.983Z - info: 🚀. Server ready at http://localhost:4000/graphql
2022-12-20T06:44:50.720Z - info: 🚀. Server ready at http://localhost:4000/graphql
2022-12-20T06:47:28.328Z - info: 🚀. Server ready at http://localhost:4000/graphql
2022-12-20T06:47:38.667Z - info: 🚀. Server ready at http://localhost:4000/graphql
2022-12-20T06:48:28.662Z - info: 🚀. Server ready at http://localhost:4000/graphql
2022-12-20T06:48:37.367Z - info: 🚀. Server ready at http://localhost:4000/graphql
2022-12-20T06:48:42.080Z - info: 🚀. Server ready at http://localhost:4000/graphql
2022-12-20T06:48:43.141Z - info: 🚀. Server ready at http://localhost:4000/graphql
2022-12-20T06:48:46.857Z - info: 🚀. Server ready at http://localhost:4000/graphql
2022-12-20T06:48:53.817Z - info: 🚀. Server ready at http://localhost:4000/graphql
2022-12-20T06:48:55.039Z - info: 🚀. Server ready at http://localhost:4000/graphql
2022-12-20T06:49:02.554Z - info: 🚀. Server ready at http://localhost:4000/graphql
2022-12-20T06:49:08.369Z - info: 🚀. Server ready at http://localhost:4000/graphql
2022-12-20T06:49:09.408Z - info: 🚀. Server ready at http://localhost:4000/graphql
2022-12-20T06:49:14.559Z - info: 🚀. Server ready at http://localhost:4000/graphql
2022-12-20T06:56:41.907Z - info: 🚀. Server ready at http://localhost:4000/graphql
2022-12-20T06:56:44.629Z - info: 🚀. Server ready at http://localhost:4000/graphql
2022-12-20T06:56:59.306Z - info: 🚀. Server ready at http://localhost:4000/graphql
2022-12-20T06:57:01.799Z - info: 🚀. Server ready at http://localhost:4000/graphql
2022-12-20T06:57:12.802Z - info: 🚀. Server ready at http://localhost:4000/graphql
2022-12-20T06:57:14.528Z - info: 🚀. Server ready at http://localhost:4000/graphql
2022-12-20T06:57:25.392Z - info: 🚀. Server ready at http://localhost:4000/graphql
2022-12-20T06:57:26.722Z - info: 🚀. Server ready at http://localhost:4000/graphql
2022-12-20T06:57:30.769Z - info: 🚀. Server ready at http://localhost:4000/graphql
2022-12-20T06:57:41.002Z - info: 🚀. Server ready at http://localhost:4000/graphql
2022-12-20T06:57:42.877Z - info: 🚀. Server ready at http://localhost:4000/graphql
2022-12-20T06:58:44.710Z - info: 🚀. Server ready at http://localhost:4000/graphql
2022-12-20T07:23:40.136Z - info: 🚀. Server ready at http://localhost:4000/graphql
2022-12-20T07:23:55.488Z - info: 🚀. Server ready at http://localhost:4000/graphql
2022-12-20T07:24:22.350Z - info: 🚀. Server ready at http://localhost:4000/graphql
2022-12-20T07:24:25.815Z - info: 🚀. Server ready at http://localhost:4000/graphql
2022-12-20T07:24:27.576Z - info: 🚀. Server ready at http://localhost:4000/graphql
2022-12-20T07:24:32.116Z - info: 🚀. Server ready at http://localhost:4000/graphql
2022-12-20T07:24:53.001Z - info: 🚀. Server ready at http://localhost:4000/graphql
2022-12-20T07:24:54.221Z - info: 🚀. Server ready at http://localhost:4000/graphql
2022-12-20T07:24:57.717Z - info: 🚀. Server ready at http://localhost:4000/graphql
2022-12-20T07:24:59.464Z - info: 🚀. Server ready at http://localhost:4000/graphql
2022-12-20T07:25:06.836Z - info: 🚀. Server ready at http://localhost:4000/graphql
2022-12-20T07:25:09.473Z - info: 🚀. Server ready at http://localhost:4000/graphql
2022-12-20T07:25:10.909Z - info: 🚀. Server ready at http://localhost:4000/graphql
2022-12-20T07:25:13.105Z - info: 🚀. Server ready at http://localhost:4000/graphql
2022-12-20T07:25:31.034Z - info: 🚀. Server ready at http://localhost:4000/graphql
2022-12-20T07:25:38.664Z - info: 🚀. Server ready at http://localhost:4000/graphql
2022-12-20T07:25:40.338Z - info: 🚀. Server ready at http://localhost:4000/graphql
2022-12-20T07:25:51.795Z - info: 🚀. Server ready at http://localhost:4000/graphql
2022-12-20T07:26:01.329Z - info: 🚀. Server ready at http://localhost:4000/graphql
2022-12-20T07:26:18.178Z - info: 🚀. Server ready at http://localhost:4000/graphql
2022-12-20T07:26:19.165Z - info: 🚀. Server ready at http://localhost:4000/graphql
2022-12-20T07:27:05.377Z - info: 🚀. Server ready at http://localhost:4000/graphql
2022-12-20T07:27:09.662Z - info: 🚀. Server ready at http://localhost:4000/graphql
2022-12-20T07:27:10.675Z - info: 🚀. Server ready at http://localhost:4000/graphql
2022-12-20T07:27:15.301Z - info: 🚀. Server ready at http://localhost:4000/graphql
2022-12-20T07:27:30.904Z - info: 🚀. Server ready at http://localhost:4000/graphql
2022-12-20T07:27:39.399Z - info: 🚀. Server ready at http://localhost:4000/graphql
2022-12-20T07:27:58.211Z - info: 🚀. Server ready at http://localhost:4000/graphql
2022-12-20T07:28:02.019Z - info: 🚀. Server ready at http://localhost:4000/graphql
2022-12-20T07:30:26.566Z - info: 🚀. Server ready at http://localhost:4000/graphql
2022-12-20T07:30:33.824Z - info: 🚀. Server ready at http://localhost:4000/graphql
2022-12-20T07:30:58.103Z - info: 🚀. Server ready at http://localhost:4000/graphql
2022-12-20T07:31:20.427Z - info: 🚀. Server ready at http://localhost:4000/graphql
2022-12-20T07:31:22.526Z - info: 🚀. Server ready at http://localhost:4000/graphql
2022-12-20T07:31:27.289Z - info: 🚀. Server ready at http://localhost:4000/graphql
2022-12-20T07:31:35.944Z - info: 🚀. Server ready at http://localhost:4000/graphql
2022-12-20T07:31:39.277Z - info: 🚀. Server ready at http://localhost:4000/graphql
2022-12-20T07:32:18.277Z - info: 🚀. Server ready at http://localhost:4000/graphql
2022-12-20T07:32:24.524Z - info: 🚀. Server ready at http://localhost:4000/graphql
2022-12-20T07:32:34.505Z - info: 🚀. Server ready at http://localhost:4000/graphql
2022-12-20T07:32:36.541Z - info: 🚀. Server ready at http://localhost:4000/graphql
2022-12-20T07:32:47.003Z - info: 🚀. Server ready at http://localhost:4000/graphql
2022-12-20T07:32:51.370Z - info: 🚀. Server ready at http://localhost:4000/graphql
2022-12-20T07:32:57.100Z - info: 🚀. Server ready at http://localhost:4000/graphql
2022-12-20T07:32:58.111Z - info: 🚀. Server ready at http://localhost:4000/graphql
2022-12-20T07:33:06.724Z - info: 🚀. Server ready at http://localhost:4000/graphql
2022-12-20T07:36:27.280Z - info: 🚀. Server ready at http://localhost:4000/graphql
2022-12-20T07:36:34.145Z - info: 🚀. Server ready at http://localhost:4000/graphql
2022-12-20T07:36:35.423Z - info: 🚀. Server ready at http://localhost:4000/graphql
2022-12-20T07:36:50.227Z - info: 🚀. Server ready at http://localhost:4000/graphql
2022-12-20T07:36:55.519Z - info: 🚀. Server ready at http://localhost:4000/graphql
2022-12-20T07:36:56.717Z - info: 🚀. Server ready at http://localhost:4000/graphql
2022-12-20T07:37:04.107Z - info: 🚀. Server ready at http://localhost:4000/graphql
2022-12-20T07:37:07.902Z - info: 🚀. Server ready at http://localhost:4000/graphql
2022-12-20T07:37:11.049Z - info: 🚀. Server ready at http://localhost:4000/graphql
2022-12-20T07:37:14.235Z - info: 🚀. Server ready at http://localhost:4000/graphql
2022-12-20T07:37:15.548Z - info: 🚀. Server ready at http://localhost:4000/graphql
2022-12-20T07:37:18.692Z - info: 🚀. Server ready at http://localhost:4000/graphql
2022-12-20T07:37:26.272Z - info: 🚀. Server ready at http://localhost:4000/graphql
2022-12-20T07:37:42.506Z - info: 🚀. Server ready at http://localhost:4000/graphql
2022-12-20T07:37:45.061Z - info: 🚀. Server ready at http://localhost:4000/graphql
2022-12-20T07:37:49.980Z - info: 🚀. Server ready at http://localhost:4000/graphql
2022-12-20T07:38:02.026Z - info: 🚀. Server ready at http://localhost:4000/graphql
2022-12-20T07:38:02.919Z - info: 🚀. Server ready at http://localhost:4000/graphql
2022-12-20T07:38:05.927Z - info: 🚀. Server ready at http://localhost:4000/graphql
2022-12-20T07:38:07.481Z - info: 🚀. Server ready at http://localhost:4000/graphql
2022-12-20T07:38:10.413Z - info: 🚀. Server ready at http://localhost:4000/graphql
2022-12-20T07:38:26.615Z - info: 🚀. Server ready at http://localhost:4000/graphql
2022-12-20T07:38:27.660Z - info: 🚀. Server ready at http://localhost:4000/graphql
2022-12-20T07:38:30.581Z - info: 🚀. Server ready at http://localhost:4000/graphql
2022-12-20T07:38:49.267Z - info: 🚀. Server ready at http://localhost:4000/graphql
2022-12-20T07:38:50.497Z - info: 🚀. Server ready at http://localhost:4000/graphql
2022-12-20T07:38:53.098Z - info: 🚀. Server ready at http://localhost:4000/graphql
2022-12-20T07:38:54.443Z - info: 🚀. Server ready at http://localhost:4000/graphql
2022-12-20T07:43:11.937Z - info: 🚀. Server ready at http://localhost:4000/graphql
2022-12-20T07:51:50.425Z - info: 🚀. Server ready at http://localhost:4000/graphql
2022-12-20T07:51:57.730Z - info: 🚀. Server ready at http://localhost:4000/graphql
2022-12-20T07:51:58.762Z - info: 🚀. Server ready at http://localhost:4000/graphql
2022-12-20T07:52:01.772Z - info: 🚀. Server ready at http://localhost:4000/graphql
2022-12-20T07:52:15.751Z - info: 🚀. Server ready at http://localhost:4000/graphql
2022-12-20T07:52:39.406Z - info: 🚀. Server ready at http://localhost:4000/graphql
2022-12-20T07:52:46.148Z - info: 🚀. Server ready at http://localhost:4000/graphql
2022-12-20T07:52:49.463Z - info: 🚀. Server ready at http://localhost:4000/graphql
2022-12-20T07:52:54.689Z - info: 🚀. Server ready at http://localhost:4000/graphql
2022-12-20T07:52:56.119Z - info: 🚀. Server ready at http://localhost:4000/graphql
2022-12-20T07:53:00.465Z - info: 🚀. Server ready at http://localhost:4000/graphql
2022-12-20T07:53:06.262Z - info: 🚀. Server ready at http://localhost:4000/graphql
2022-12-20T07:53:11.070Z - info: 🚀. Server ready at http://localhost:4000/graphql
2022-12-20T07:53:12.720Z - info: 🚀. Server ready at http://localhost:4000/graphql
2022-12-20T07:53:13.868Z - info: 🚀. Server ready at http://localhost:4000/graphql
2022-12-20T07:53:15.653Z - info: 🚀. Server ready at http://localhost:4000/graphql
2022-12-20T07:53:17.700Z - info: 🚀. Server ready at http://localhost:4000/graphql
2022-12-20T07:53:19.691Z - info: 🚀. Server ready at http://localhost:4000/graphql
2022-12-20T07:53:26.789Z - info: 🚀. Server ready at http://localhost:4000/graphql
2022-12-20T07:53:31.392Z - info: 🚀. Server ready at http://localhost:4000/graphql
2022-12-20T07:53:33.455Z - info: 🚀. Server ready at http://localhost:4000/graphql
2022-12-20T07:53:34.938Z - info: 🚀. Server ready at http://localhost:4000/graphql
2022-12-20T07:53:51.858Z - info: 🚀. Server ready at http://localhost:4000/graphql
2022-12-20T07:54:48.997Z - info: 🚀. Server ready at http://localhost:4000/graphql
2022-12-20T07:54:50.975Z - info: 🚀. Server ready at http://localhost:4000/graphql
2022-12-20T07:54:54.619Z - info: 🚀. Server ready at http://localhost:4000/graphql
2022-12-20T07:55:26.970Z - info: 🚀. Server ready at http://localhost:4000/graphql
2022-12-20T07:55:36.525Z - info: 🚀. Server ready at http://localhost:4000/graphql
2022-12-20T07:55:39.666Z - info: 🚀. Server ready at http://localhost:4000/graphql
2022-12-20T07:55:43.066Z - info: 🚀. Server ready at http://localhost:4000/graphql
2022-12-20T07:55:45.756Z - info: 🚀. Server ready at http://localhost:4000/graphql
2022-12-20T07:55:49.350Z - info: 🚀. Server ready at http://localhost:4000/graphql
2022-12-20T07:55:54.544Z - info: 🚀. Server ready at http://localhost:4000/graphql
2022-12-20T07:55:59.544Z - info: 🚀. Server ready at http://localhost:4000/graphql
2022-12-20T07:56:04.327Z - info: 🚀. Server ready at http://localhost:4000/graphql
2022-12-20T07:56:06.618Z - info: 🚀. Server ready at http://localhost:4000/graphql
2022-12-20T07:56:12.926Z - info: 🚀. Server ready at http://localhost:4000/graphql
2022-12-20T07:56:31.710Z - info: 🚀. Server ready at http://localhost:4000/graphql
2022-12-20T07:56:35.034Z - info: 🚀. Server ready at http://localhost:4000/graphql
2022-12-20T07:56:37.991Z - info: 🚀. Server ready at http://localhost:4000/graphql
2022-12-20T07:56:48.718Z - info: 🚀. Server ready at http://localhost:4000/graphql
2022-12-20T07:56:51.729Z - info: 🚀. Server ready at http://localhost:4000/graphql
2022-12-20T07:56:57.018Z - info: 🚀. Server ready at http://localhost:4000/graphql
2022-12-20T07:57:08.009Z - info: 🚀. Server ready at http://localhost:4000/graphql
2022-12-20T07:57:12.771Z - info: 🚀. Server ready at http://localhost:4000/graphql
2022-12-20T07:57:18.298Z - info: 🚀. Server ready at http://localhost:4000/graphql
2022-12-20T07:57:28.594Z - info: 🚀. Server ready at http://localhost:4000/graphql
2022-12-20T07:57:38.590Z - info: 🚀. Server ready at http://localhost:4000/graphql
2022-12-20T07:57:42.270Z - info: 🚀. Server ready at http://localhost:4000/graphql
2022-12-20T07:57:56.495Z - info: 🚀. Server ready at http://localhost:4000/graphql
2022-12-20T07:57:59.333Z - info: 🚀. Server ready at http://localhost:4000/graphql
2022-12-20T07:58:23.815Z - info: 🚀. Server ready at http://localhost:4000/graphql
2022-12-20T07:58:25.083Z - info: 🚀. Server ready at http://localhost:4000/graphql
2022-12-20T07:58:27.158Z - info: 🚀. Server ready at http://localhost:4000/graphql
2022-12-20T07:58:29.187Z - info: 🚀. Server ready at http://localhost:4000/graphql
2022-12-20T07:58:36.543Z - info: 🚀. Server ready at http://localhost:4000/graphql
2022-12-20T07:58:37.997Z - info: 🚀. Server ready at http://localhost:4000/graphql
2022-12-20T07:58:56.243Z - info: 🚀. Server ready at http://localhost:4000/graphql
2022-12-20T07:59:08.358Z - info: 🚀. Server ready at http://localhost:4000/graphql
2022-12-20T07:59:26.732Z - info: 🚀. Server ready at http://localhost:4000/graphql
2022-12-20T07:59:37.019Z - info: 🚀. Server ready at http://localhost:4000/graphql
2022-12-20T07:59:40.192Z - info: 🚀. Server ready at http://localhost:4000/graphql
2022-12-20T07:59:43.199Z - info: 🚀. Server ready at http://localhost:4000/graphql
2022-12-20T07:59:48.441Z - info: 🚀. Server ready at http://localhost:4000/graphql
2022-12-20T07:59:53.710Z - info: 🚀. Server ready at http://localhost:4000/graphql
2022-12-20T08:00:06.014Z - info: 🚀. Server ready at http://localhost:4000/graphql
2022-12-20T08:00:07.517Z - info: 🚀. Server ready at http://localhost:4000/graphql
2022-12-20T08:00:14.233Z - info: 🚀. Server ready at http://localhost:4000/graphql
2022-12-20T08:00:31.147Z - info: 🚀. Server ready at http://localhost:4000/graphql
2022-12-20T08:01:44.080Z - info: 🚀. Server ready at http://localhost:4000/graphql
2022-12-20T08:01:51.089Z - info: 🚀. Server ready at http://localhost:4000/graphql
2022-12-20T08:02:03.844Z - info: 🚀. Server ready at http://localhost:4000/graphql
2022-12-20T08:02:31.641Z - info: 🚀. Server ready at http://localhost:4000/graphql
2022-12-20T08:02:34.417Z - info: 🚀. Server ready at http://localhost:4000/graphql
2022-12-20T08:02:37.024Z - info: 🚀. Server ready at http://localhost:4000/graphql
2022-12-20T08:02:47.185Z - info: 🚀. Server ready at http://localhost:4000/graphql
2022-12-20T08:02:55.807Z - info: 🚀. Server ready at http://localhost:4000/graphql
2022-12-20T08:02:58.679Z - info: 🚀. Server ready at http://localhost:4000/graphql
2022-12-20T08:02:59.978Z - info: 🚀. Server ready at http://localhost:4000/graphql
2022-12-20T08:03:01.950Z - info: 🚀. Server ready at http://localhost:4000/graphql
2022-12-20T08:03:11.381Z - info: 🚀. Server ready at http://localhost:4000/graphql
2022-12-20T08:03:13.449Z - info: 🚀. Server ready at http://localhost:4000/graphql
2022-12-20T08:03:20.349Z - info: 🚀. Server ready at http://localhost:4000/graphql
2022-12-20T08:03:26.994Z - info: 🚀. Server ready at http://localhost:4000/graphql
2022-12-20T08:03:36.041Z - info: 🚀. Server ready at http://localhost:4000/graphql
2022-12-20T08:03:37.541Z - info: 🚀. Server ready at http://localhost:4000/graphql
2022-12-20T08:03:40.217Z - info: 🚀. Server ready at http://localhost:4000/graphql
2022-12-20T08:03:41.207Z - info: 🚀. Server ready at http://localhost:4000/graphql
2022-12-20T08:03:49.095Z - info: 🚀. Server ready at http://localhost:4000/graphql
2022-12-20T08:03:52.429Z - info: 🚀. Server ready at http://localhost:4000/graphql
2022-12-20T08:03:57.616Z - info: 🚀. Server ready at http://localhost:4000/graphql
2022-12-20T08:04:00.739Z - info: 🚀. Server ready at http://localhost:4000/graphql
2022-12-20T08:04:03.689Z - info: 🚀. Server ready at http://localhost:4000/graphql
2022-12-20T08:04:08.104Z - info: 🚀. Server ready at http://localhost:4000/graphql
2022-12-20T08:04:11.533Z - info: 🚀. Server ready at http://localhost:4000/graphql
2022-12-20T08:04:22.067Z - info: 🚀. Server ready at http://localhost:4000/graphql
2022-12-20T08:04:23.998Z - info: 🚀. Server ready at http://localhost:4000/graphql
2022-12-20T08:04:26.364Z - info: 🚀. Server ready at http://localhost:4000/graphql
2022-12-20T08:04:31.385Z - info: 🚀. Server ready at http://localhost:4000/graphql
2022-12-20T08:04:33.340Z - info: 🚀. Server ready at http://localhost:4000/graphql
2022-12-20T08:04:35.187Z - info: 🚀. Server ready at http://localhost:4000/graphql
2022-12-20T08:04:37.737Z - info: 🚀. Server ready at http://localhost:4000/graphql
2022-12-20T08:04:45.940Z - info: 🚀. Server ready at http://localhost:4000/graphql
2022-12-20T08:04:50.329Z - info: 🚀. Server ready at http://localhost:4000/graphql
2022-12-20T08:05:09.257Z - info: 🚀. Server ready at http://localhost:4000/graphql
2022-12-20T08:05:16.485Z - info: 🚀. Server ready at http://localhost:4000/graphql
2022-12-20T08:07:15.174Z - info: 🚀. Server ready at http://localhost:4000/graphql
2022-12-20T08:07:39.144Z - info: 🚀. Server ready at http://localhost:4000/graphql
2022-12-20T08:07:50.741Z - info: 🚀. Server ready at http://localhost:4000/graphql
2022-12-20T08:08:34.599Z - info: 🚀. Server ready at http://localhost:4000/graphql
2022-12-20T08:16:03.382Z - info: 🚀. Server ready at http://localhost:4000/graphql
2022-12-20T08:16:06.086Z - info: 🚀. Server ready at http://localhost:4000/graphql
2022-12-20T08:17:23.716Z - info: 🚀. Server ready at http://localhost:4000/graphql
2022-12-20T08:17:27.569Z - info: 🚀. Server ready at http://localhost:4000/graphql
2022-12-20T08:17:29.814Z - info: 🚀. Server ready at http://localhost:4000/graphql
2022-12-20T08:18:14.873Z - error: {"errorMessage":"PostContent validation failed: thumbnailPicture: Path `thumbnailPicture` is required., userShortId: Path `userShortId` is required.","errorName":"ValidationError"}
2022-12-20T08:20:14.393Z - info: 🚀. Server ready at http://localhost:4000/graphql
2022-12-20T08:20:31.216Z - info: 🚀. Server ready at http://localhost:4000/graphql
2022-12-20T08:20:32.612Z - error: {"errorMessage":"PostContent validation failed: userShortId: Path `userShortId` is required.","errorName":"ValidationError"}
2022-12-20T08:21:03.331Z - info: 🚀. Server ready at http://localhost:4000/graphql
2022-12-20T08:23:11.494Z - info: 🚀. Server ready at http://localhost:4000/graphql
2022-12-20T08:30:36.234Z - info: 🚀. Server ready at http://localhost:4000/graphql
2022-12-20T08:41:19.253Z - info: 🚀. Server ready at http://localhost:4000/graphql
2022-12-20T08:41:31.819Z - info: 🚀. Server ready at http://localhost:4000/graphql
2022-12-20T08:41:43.050Z - info: 🚀. Server ready at http://localhost:4000/graphql
2022-12-20T08:41:47.391Z - info: 🚀. Server ready at http://localhost:4000/graphql
2022-12-20T09:04:38.771Z - info: 🚀. Server ready at http://localhost:4000/graphql
2022-12-20T09:04:39.669Z - info: 🚀. Server ready at http://localhost:4000/graphql
2022-12-20T09:04:54.433Z - info: 🚀. Server ready at http://localhost:4000/graphql
2022-12-20T09:05:11.332Z - info: 🚀. Server ready at http://localhost:4000/graphql
2022-12-20T09:05:14.359Z - info: 🚀. Server ready at http://localhost:4000/graphql
2022-12-20T09:05:17.601Z - info: 🚀. Server ready at http://localhost:4000/graphql
2022-12-20T09:05:21.315Z - info: 🚀. Server ready at http://localhost:4000/graphql
2022-12-20T09:05:27.365Z - info: 🚀. Server ready at http://localhost:4000/graphql
2022-12-20T09:05:34.896Z - info: 🚀. Server ready at http://localhost:4000/graphql
2022-12-20T09:05:36.147Z - info: 🚀. Server ready at http://localhost:4000/graphql
2022-12-20T09:05:39.364Z - info: 🚀. Server ready at http://localhost:4000/graphql
2022-12-20T09:05:51.888Z - info: 🚀. Server ready at http://localhost:4000/graphql
2022-12-20T09:05:55.121Z - info: 🚀. Server ready at http://localhost:4000/graphql
2022-12-20T09:05:59.146Z - info: 🚀. Server ready at http://localhost:4000/graphql
2022-12-20T09:06:25.533Z - info: 🚀. Server ready at http://localhost:4000/graphql
2022-12-20T09:06:27.695Z - info: 🚀. Server ready at http://localhost:4000/graphql
2022-12-20T09:06:35.160Z - info: 🚀. Server ready at http://localhost:4000/graphql
2022-12-20T09:06:46.074Z - info: 🚀. Server ready at http://localhost:4000/graphql
2022-12-20T09:07:21.920Z - info: 🚀. Server ready at http://localhost:4000/graphql
2022-12-20T09:07:29.309Z - info: 🚀. Server ready at http://localhost:4000/graphql
2022-12-20T09:07:33.037Z - info: 🚀. Server ready at http://localhost:4000/graphql
2022-12-20T09:08:52.262Z - info: 🚀. Server ready at http://localhost:4000/graphql
2022-12-20T09:08:54.539Z - info: 🚀. Server ready at http://localhost:4000/graphql
2022-12-20T09:09:01.413Z - info: 🚀. Server ready at http://localhost:4000/graphql
2022-12-20T09:09:02.606Z - info: 🚀. Server ready at http://localhost:4000/graphql
2022-12-20T09:10:06.320Z - info: 🚀. Server ready at http://localhost:4000/graphql
2022-12-20T09:10:13.325Z - info: 🚀. Server ready at http://localhost:4000/graphql
2022-12-20T09:11:42.782Z - info: 🚀. Server ready at http://localhost:4000/graphql
2022-12-20T09:13:25.499Z - info: 🚀. Server ready at http://localhost:4000/graphql
2022-12-20T09:13:35.250Z - info: 🚀. Server ready at http://localhost:4000/graphql
2022-12-20T09:13:37.373Z - info: 🚀. Server ready at http://localhost:4000/graphql
2022-12-20T09:13:38.846Z - info: 🚀. Server ready at http://localhost:4000/graphql
2022-12-20T09:16:23.709Z - error: {"errorMessage":"E11000 duplicate key error collection: medium.useraccounts index: email_1 dup key: { : \"daicatan@gmail.com\" }","errorName":"MongoBulkWriteError"}
2022-12-20T09:21:02.431Z - info: 🚀. Server ready at http://localhost:4000/graphql
2022-12-20T09:21:18.356Z - info: 🚀. Server ready at http://localhost:4000/graphql
2022-12-20T09:21:21.309Z - info: 🚀. Server ready at http://localhost:4000/graphql
2022-12-20T09:21:26.711Z - info: 🚀. Server ready at http://localhost:4000/graphql
2022-12-20T09:21:29.607Z - info: 🚀. Server ready at http://localhost:4000/graphql
2022-12-20T09:21:32.753Z - info: 🚀. Server ready at http://localhost:4000/graphql
2022-12-20T09:21:33.763Z - info: 🚀. Server ready at http://localhost:4000/graphql
2022-12-20T09:21:38.104Z - info: 🚀. Server ready at http://localhost:4000/graphql
2022-12-20T09:21:40.221Z - info: 🚀. Server ready at http://localhost:4000/graphql
2022-12-20T09:21:42.145Z - info: 🚀. Server ready at http://localhost:4000/graphql
2022-12-20T09:22:04.221Z - info: 🚀. Server ready at http://localhost:4000/graphql
2022-12-20T09:22:08.598Z - info: 🚀. Server ready at http://localhost:4000/graphql
2022-12-20T09:22:16.151Z - info: 🚀. Server ready at http://localhost:4000/graphql
2022-12-20T09:22:17.480Z - info: 🚀. Server ready at http://localhost:4000/graphql
2022-12-20T09:22:20.284Z - info: 🚀. Server ready at http://localhost:4000/graphql
2022-12-20T09:22:22.623Z - info: 🚀. Server ready at http://localhost:4000/graphql
2022-12-20T09:22:45.795Z - info: 🚀. Server ready at http://localhost:4000/graphql
2022-12-20T09:22:48.340Z - info: 🚀. Server ready at http://localhost:4000/graphql
2022-12-20T09:22:54.774Z - info: 🚀. Server ready at http://localhost:4000/graphql
2022-12-20T09:22:57.519Z - info: 🚀. Server ready at http://localhost:4000/graphql
2022-12-20T09:22:59.537Z - info: 🚀. Server ready at http://localhost:4000/graphql
2022-12-20T09:23:02.052Z - info: 🚀. Server ready at http://localhost:4000/graphql
2022-12-20T09:23:04.844Z - info: 🚀. Server ready at http://localhost:4000/graphql
2022-12-20T09:23:16.564Z - info: 🚀. Server ready at http://localhost:4000/graphql
2022-12-20T09:23:18.453Z - info: 🚀. Server ready at http://localhost:4000/graphql
2022-12-20T09:23:21.973Z - info: 🚀. Server ready at http://localhost:4000/graphql
2022-12-20T09:23:28.982Z - info: 🚀. Server ready at http://localhost:4000/graphql
2022-12-20T09:23:35.891Z - error: {"errorMessage":"E11000 duplicate key error collection: medium.useraccounts index: email_1 dup key: { : \"daicatan@gmail.com\" }","errorName":"MongoBulkWriteError"}
2022-12-20T09:23:45.250Z - error: {"errorMessage":"E11000 duplicate key error collection: medium.useraccounts index: username_1 dup key: { : \"daicacatan\" }","errorName":"MongoBulkWriteError"}
2022-12-20T09:25:07.652Z - info: 🚀. Server ready at http://localhost:4000/graphql
2022-12-20T09:25:18.226Z - info: 🚀. Server ready at http://localhost:4000/graphql
2022-12-20T09:25:22.059Z - info: 🚀. Server ready at http://localhost:4000/graphql
2022-12-20T09:25:26.895Z - info: 🚀. Server ready at http://localhost:4000/graphql
2022-12-20T09:25:29.804Z - info: 🚀. Server ready at http://localhost:4000/graphql
2022-12-20T09:25:33.385Z - info: 🚀. Server ready at http://localhost:4000/graphql
2022-12-20T09:25:41.498Z - info: 🚀. Server ready at http://localhost:4000/graphql
2022-12-20T09:25:43.953Z - info: 🚀. Server ready at http://localhost:4000/graphql
2022-12-20T09:25:44.984Z - error: {"errorMessage":"E11000 duplicate key error collection: medium.useraccounts index: email_1 dup key: { : \"daicatan1@gmail.com\" }","errorName":"MongoBulkWriteError"}
2022-12-20T09:26:52.812Z - info: 🚀. Server ready at http://localhost:4000/graphql
2022-12-20T09:26:54.720Z - info: 🚀. Server ready at http://localhost:4000/graphql
2022-12-20T09:26:59.502Z - info: 🚀. Server ready at http://localhost:4000/graphql
2022-12-20T09:27:07.987Z - info: 🚀. Server ready at http://localhost:4000/graphql
2022-12-20T09:27:18.703Z - info: 🚀. Server ready at http://localhost:4000/graphql
2022-12-20T09:27:29.729Z - info: 🚀. Server ready at http://localhost:4000/graphql
2022-12-20T09:28:28.038Z - info: 🚀. Server ready at http://localhost:4000/graphql
2022-12-20T09:28:36.941Z - info: 🚀. Server ready at http://localhost:4000/graphql
2022-12-20T09:28:37.998Z - error: {"errorMessage":"E11000 duplicate key error collection: medium.useraccounts index: email_1 dup key: { : \"daicatan3@gmail.com\" }","errorName":"MongoBulkWriteError"}
2022-12-20T09:29:19.049Z - info: 🚀. Server ready at http://localhost:4000/graphql
2022-12-20T09:29:23.622Z - info: 🚀. Server ready at http://localhost:4000/graphql
2022-12-20T09:29:27.043Z - info: 🚀. Server ready at http://localhost:4000/graphql
2022-12-20T09:30:18.926Z - info: 🚀. Server ready at http://localhost:4000/graphql
2022-12-20T09:30:21.378Z - error: {"errorMessage":"E11000 duplicate key error collection: medium.useraccounts index: email_1 dup key: { : \"daicatan3@gmail.com\" }","errorName":"MongoBulkWriteError"}
2022-12-20T09:30:31.152Z - error: {"errorMessage":"E11000 duplicate key error collection: medium.useraccounts index: email_1 dup key: { : \"daicatan3@gmail.com\" }","errorName":"MongoBulkWriteError"}
2022-12-20T09:30:50.955Z - info: 🚀. Server ready at http://localhost:4000/graphql
2022-12-20T09:30:52.151Z - error: {"errorMessage":"E11000 duplicate key error collection: medium.useraccounts index: email_1 dup key: { : \"daicatan3@gmail.com\" }","errorName":"MongoBulkWriteError"}
2022-12-20T09:32:29.359Z - info: 🚀. Server ready at http://localhost:4000/graphql
2022-12-20T09:32:49.622Z - info: 🚀. Server ready at http://localhost:4000/graphql
2022-12-20T09:32:53.114Z - info: 🚀. Server ready at http://localhost:4000/graphql
2022-12-20T09:39:16.284Z - info: 🚀. Server ready at http://localhost:4000/graphql
2022-12-20T09:40:04.614Z - info: 🚀. Server ready at http://localhost:4000/graphql
2022-12-20T09:40:09.803Z - info: 🚀. Server ready at http://localhost:4000/graphql
2022-12-20T09:40:11.008Z - info: 🚀. Server ready at http://localhost:4000/graphql
2022-12-20T09:40:28.781Z - info: 🚀. Server ready at http://localhost:4000/graphql
2022-12-20T09:41:04.501Z - info: 🚀. Server ready at http://localhost:4000/graphql
2022-12-20T09:41:14.756Z - info: 🚀. Server ready at http://localhost:4000/graphql
2022-12-20T09:41:17.188Z - info: 🚀. Server ready at http://localhost:4000/graphql
2022-12-20T09:41:36.596Z - info: 🚀. Server ready at http://localhost:4000/graphql
2022-12-20T09:41:42.501Z - info: 🚀. Server ready at http://localhost:4000/graphql
2022-12-20T09:41:44.450Z - info: 🚀. Server ready at http://localhost:4000/graphql
2022-12-20T09:41:48.024Z - info: 🚀. Server ready at http://localhost:4000/graphql
2022-12-20T09:41:49.834Z - info: 🚀. Server ready at http://localhost:4000/graphql
2022-12-20T09:41:52.342Z - info: 🚀. Server ready at http://localhost:4000/graphql
2022-12-20T09:41:54.580Z - info: 🚀. Server ready at http://localhost:4000/graphql
2022-12-20T09:41:59.619Z - info: 🚀. Server ready at http://localhost:4000/graphql
2022-12-20T09:42:01.904Z - info: 🚀. Server ready at http://localhost:4000/graphql
2022-12-20T09:42:04.466Z - info: 🚀. Server ready at http://localhost:4000/graphql
2022-12-20T09:42:06.305Z - info: 🚀. Server ready at http://localhost:4000/graphql
2022-12-20T09:42:12.359Z - info: 🚀. Server ready at http://localhost:4000/graphql
2022-12-20T09:43:28.181Z - info: 🚀. Server ready at http://localhost:4000/graphql
2022-12-20T09:43:57.299Z - info: 🚀. Server ready at http://localhost:4000/graphql
2022-12-20T09:43:59.410Z - info: 🚀. Server ready at http://localhost:4000/graphql
2022-12-20T09:44:00.602Z - info: 🚀. Server ready at http://localhost:4000/graphql
2022-12-20T09:44:18.736Z - info: 🚀. Server ready at http://localhost:4000/graphql
2022-12-20T09:44:24.620Z - info: 🚀. Server ready at http://localhost:4000/graphql
2022-12-20T09:44:29.808Z - info: 🚀. Server ready at http://localhost:4000/graphql
2022-12-20T09:44:31.339Z - info: 🚀. Server ready at http://localhost:4000/graphql
2022-12-20T09:44:33.154Z - info: 🚀. Server ready at http://localhost:4000/graphql
2022-12-20T09:44:35.206Z - info: 🚀. Server ready at http://localhost:4000/graphql
2022-12-20T09:44:46.167Z - info: 🚀. Server ready at http://localhost:4000/graphql
2022-12-20T09:44:47.592Z - info: 🚀. Server ready at http://localhost:4000/graphql
2022-12-20T09:50:38.654Z - info: 🚀. Server ready at http://localhost:4000/graphql
2022-12-20T09:53:20.153Z - info: 🚀. Server ready at http://localhost:4000/graphql
2022-12-20T09:53:23.791Z - info: 🚀. Server ready at http://localhost:4000/graphql
2022-12-20T09:53:35.832Z - info: 🚀. Server ready at http://localhost:4000/graphql
2022-12-20T09:53:41.127Z - info: 🚀. Server ready at http://localhost:4000/graphql
2022-12-20T09:53:43.486Z - info: 🚀. Server ready at http://localhost:4000/graphql
2022-12-20T09:53:48.669Z - info: 🚀. Server ready at http://localhost:4000/graphql
2022-12-20T09:53:51.212Z - info: 🚀. Server ready at http://localhost:4000/graphql
2022-12-20T09:53:53.338Z - info: 🚀. Server ready at http://localhost:4000/graphql
2022-12-20T09:54:00.247Z - info: 🚀. Server ready at http://localhost:4000/graphql
2022-12-20T09:54:04.125Z - info: 🚀. Server ready at http://localhost:4000/graphql
2022-12-20T09:54:06.795Z - info: 🚀. Server ready at http://localhost:4000/graphql
2022-12-20T09:54:08.432Z - info: 🚀. Server ready at http://localhost:4000/graphql
2022-12-20T09:54:11.138Z - info: 🚀. Server ready at http://localhost:4000/graphql
2022-12-20T09:54:20.487Z - info: 🚀. Server ready at http://localhost:4000/graphql
2022-12-20T09:54:21.960Z - info: 🚀. Server ready at http://localhost:4000/graphql
2022-12-20T09:54:26.197Z - info: 🚀. Server ready at http://localhost:4000/graphql
2022-12-20T09:54:30.804Z - info: 🚀. Server ready at http://localhost:4000/graphql
2022-12-20T09:54:45.211Z - info: 🚀. Server ready at http://localhost:4000/graphql
2022-12-20T09:54:47.002Z - info: 🚀. Server ready at http://localhost:4000/graphql
2022-12-20T09:54:48.588Z - info: 🚀. Server ready at http://localhost:4000/graphql
2022-12-20T09:54:50.242Z - info: 🚀. Server ready at http://localhost:4000/graphql
2022-12-20T09:54:55.050Z - info: 🚀. Server ready at http://localhost:4000/graphql
2022-12-20T09:54:59.996Z - info: 🚀. Server ready at http://localhost:4000/graphql
2022-12-20T09:55:03.956Z - info: 🚀. Server ready at http://localhost:4000/graphql
2022-12-20T09:55:43.096Z - info: 🚀. Server ready at http://localhost:4000/graphql
2022-12-20T09:55:44.493Z - info: 🚀. Server ready at http://localhost:4000/graphql
2022-12-20T09:55:45.623Z - info: 🚀. Server ready at http://localhost:4000/graphql
2022-12-20T09:57:12.166Z - info: 🚀. Server ready at http://localhost:4000/graphql
2022-12-20T09:57:17.072Z - info: 🚀. Server ready at http://localhost:4000/graphql
2022-12-20T09:57:18.599Z - info: 🚀. Server ready at http://localhost:4000/graphql
2022-12-20T09:58:03.883Z - info: 🚀. Server ready at http://localhost:4000/graphql
2022-12-20T09:58:43.787Z - info: 🚀. Server ready at http://localhost:4000/graphql
2022-12-20T09:58:47.865Z - info: 🚀. Server ready at http://localhost:4000/graphql
2022-12-20T09:59:15.256Z - info: 🚀. Server ready at http://localhost:4000/graphql
2022-12-20T10:00:06.949Z - info: 🚀. Server ready at http://localhost:4000/graphql
2022-12-20T10:00:13.178Z - info: 🚀. Server ready at http://localhost:4000/graphql
2022-12-20T10:36:02.526Z - info: 🚀. Server ready at http://localhost:4000/graphql
2022-12-20T10:36:10.700Z - info: 🚀. Server ready at http://localhost:4000/graphql
2022-12-20T10:36:45.747Z - info: 🚀. Server ready at http://localhost:4000/graphql
2022-12-20T10:36:47.451Z - info: 🚀. Server ready at http://localhost:4000/graphql
2022-12-20T10:36:53.545Z - info: 🚀. Server ready at http://localhost:4000/graphql
2022-12-20T10:36:55.150Z - info: 🚀. Server ready at http://localhost:4000/graphql
2022-12-20T10:36:58.367Z - info: 🚀. Server ready at http://localhost:4000/graphql
2022-12-20T10:37:07.584Z - info: 🚀. Server ready at http://localhost:4000/graphql
2022-12-20T10:37:10.930Z - info: 🚀. Server ready at http://localhost:4000/graphql
2022-12-20T10:37:37.741Z - info: 🚀. Server ready at http://localhost:4000/graphql
2022-12-20T10:37:40.377Z - info: 🚀. Server ready at http://localhost:4000/graphql
2022-12-20T10:37:44.394Z - info: 🚀. Server ready at http://localhost:4000/graphql
2022-12-20T10:38:31.367Z - info: 🚀. Server ready at http://localhost:4000/graphql
2022-12-20T10:39:41.437Z - info: 🚀. Server ready at http://localhost:4000/graphql
2022-12-20T10:41:52.386Z - info: 🚀. Server ready at http://localhost:4000/graphql
2022-12-20T10:49:54.339Z - info: 🚀. Server ready at http://localhost:4000/graphql
2022-12-20T10:49:59.443Z - info: 🚀. Server ready at http://localhost:4000/graphql
2022-12-20T10:52:39.360Z - info: 🚀. Server ready at http://localhost:4000/graphql
2022-12-20T10:53:26.591Z - info: 🚀. Server ready at http://localhost:4000/graphql
2022-12-20T10:58:11.444Z - info: 🚀. Server ready at http://localhost:4000/graphql
2022-12-20T10:58:15.702Z - info: 🚀. Server ready at http://localhost:4000/graphql
2022-12-20T10:58:20.797Z - info: 🚀. Server ready at http://localhost:4000/graphql
2022-12-20T10:58:27.672Z - info: 🚀. Server ready at http://localhost:4000/graphql
2022-12-20T10:58:30.568Z - info: 🚀. Server ready at http://localhost:4000/graphql
2022-12-20T10:58:32.327Z - info: 🚀. Server ready at http://localhost:4000/graphql
2022-12-20T10:58:33.404Z - info: 🚀. Server ready at http://localhost:4000/graphql
2022-12-20T10:58:44.270Z - info: 🚀. Server ready at http://localhost:4000/graphql
2022-12-20T11:01:09.915Z - info: 🚀. Server ready at http://localhost:4000/graphql
2022-12-20T11:01:24.777Z - info: 🚀. Server ready at http://localhost:4000/graphql
2022-12-20T11:01:26.412Z - info: 🚀. Server ready at http://localhost:4000/graphql
2022-12-20T11:07:47.054Z - info: 🚀. Server ready at http://localhost:4000/graphql
2022-12-20T11:07:48.731Z - info: 🚀. Server ready at http://localhost:4000/graphql
2022-12-20T11:09:15.716Z - info: 🚀. Server ready at http://localhost:4000/graphql
2022-12-20T11:09:23.460Z - info: 🚀. Server ready at http://localhost:4000/graphql
2022-12-20T11:09:24.646Z - info: 🚀. Server ready at http://localhost:4000/graphql
2022-12-20T11:21:06.137Z - info: 🚀. Server ready at http://localhost:4000/graphql
2022-12-20T11:21:07.212Z - info: 🚀. Server ready at http://localhost:4000/graphql
2022-12-20T11:21:14.771Z - info: 🚀. Server ready at http://localhost:4000/graphql
2022-12-20T11:27:39.294Z - info: 🚀. Server ready at http://localhost:4000/graphql
2022-12-20T11:27:44.460Z - info: 🚀. Server ready at http://localhost:4000/graphql
2022-12-20T11:27:45.429Z - info: 🚀. Server ready at http://localhost:4000/graphql
2022-12-20T11:27:48.798Z - info: 🚀. Server ready at http://localhost:4000/graphql
2022-12-20T11:27:50.411Z - info: 🚀. Server ready at http://localhost:4000/graphql
2022-12-20T11:27:53.532Z - info: 🚀. Server ready at http://localhost:4000/graphql
2022-12-20T11:30:11.888Z - error: {"errorMessage":"Cannot read properties of undefined (reading 'value')","errorName":"TypeError"}
2022-12-20T11:30:38.101Z - info: 🚀. Server ready at http://localhost:4000/graphql
2022-12-20T11:30:55.443Z - info: 🚀. Server ready at http://localhost:4000/graphql
2022-12-20T11:31:00.719Z - info: 🚀. Server ready at http://localhost:4000/graphql
2022-12-20T11:31:03.008Z - info: 🚀. Server ready at http://localhost:4000/graphql
2022-12-20T11:31:04.693Z - info: 🚀. Server ready at http://localhost:4000/graphql
2022-12-20T11:31:09.066Z - info: 🚀. Server ready at http://localhost:4000/graphql
2022-12-20T11:31:57.449Z - info: 🚀. Server ready at http://localhost:4000/graphql
2022-12-20T11:32:30.974Z - info: 🚀. Server ready at http://localhost:4000/graphql
2022-12-20T11:32:34.841Z - info: 🚀. Server ready at http://localhost:4000/graphql
2022-12-20T11:32:36.897Z - info: 🚀. Server ready at http://localhost:4000/graphql
2022-12-20T11:32:41.683Z - info: 🚀. Server ready at http://localhost:4000/graphql
2022-12-20T11:32:44.206Z - info: 🚀. Server ready at http://localhost:4000/graphql
2022-12-20T11:32:50.889Z - info: 🚀. Server ready at http://localhost:4000/graphql
2022-12-20T11:32:53.072Z - info: 🚀. Server ready at http://localhost:4000/graphql
2022-12-20T11:33:07.584Z - info: 🚀. Server ready at http://localhost:4000/graphql
2022-12-20T11:33:08.520Z - info: 🚀. Server ready at http://localhost:4000/graphql
2022-12-20T11:33:12.173Z - info: 🚀. Server ready at http://localhost:4000/graphql
2022-12-20T11:33:17.961Z - info: 🚀. Server ready at http://localhost:4000/graphql
2022-12-20T11:33:22.037Z - info: 🚀. Server ready at http://localhost:4000/graphql
2022-12-20T11:33:29.992Z - info: 🚀. Server ready at http://localhost:4000/graphql
2022-12-20T11:33:41.925Z - info: 🚀. Server ready at http://localhost:4000/graphql
2022-12-20T11:33:50.112Z - info: 🚀. Server ready at http://localhost:4000/graphql
2022-12-20T11:33:58.771Z - error: {"errorMessage":"Cannot read properties of undefined (reading 'value')","errorName":"TypeError"}
2022-12-20T11:34:41.591Z - error: {"errorMessage":"Cannot read properties of undefined (reading 'value')","errorName":"TypeError"}
2022-12-20T11:34:48.168Z - error: {"errorMessage":"Cannot read properties of undefined (reading 'value')","errorName":"TypeError"}
2022-12-20T11:34:52.006Z - error: {"errorMessage":"Cannot read properties of undefined (reading 'value')","errorName":"TypeError"}
2022-12-20T11:35:37.033Z - error: {"errorMessage":"Cannot read properties of undefined (reading 'value')","errorName":"TypeError"}
2022-12-20T11:36:23.406Z - info: 🚀. Server ready at http://localhost:4000/graphql
2022-12-20T11:36:24.838Z - info: 🚀. Server ready at http://localhost:4000/graphql
2022-12-20T11:36:32.723Z - info: 🚀. Server ready at http://localhost:4000/graphql
2022-12-20T11:36:35.981Z - info: 🚀. Server ready at http://localhost:4000/graphql
2022-12-20T11:36:36.641Z - error: {"errorMessage":"Cannot read properties of undefined (reading 'value')","errorName":"TypeError"}
2022-12-20T11:36:42.893Z - info: 🚀. Server ready at http://localhost:4000/graphql
2022-12-20T11:36:55.171Z - info: 🚀. Server ready at http://localhost:4000/graphql
2022-12-20T11:36:58.685Z - info: 🚀. Server ready at http://localhost:4000/graphql
2022-12-20T11:37:02.243Z - info: 🚀. Server ready at http://localhost:4000/graphql
2022-12-20T11:37:02.952Z - error: {"errorMessage":"Cannot read properties of undefined (reading 'value')","errorName":"TypeError"}
2022-12-20T11:37:24.426Z - info: 🚀. Server ready at http://localhost:4000/graphql
2022-12-20T11:37:32.870Z - info: 🚀. Server ready at http://localhost:4000/graphql
2022-12-20T11:37:34.941Z - info: 🚀. Server ready at http://localhost:4000/graphql
2022-12-20T11:37:37.373Z - info: 🚀. Server ready at http://localhost:4000/graphql
2022-12-20T11:37:39.966Z - info: 🚀. Server ready at http://localhost:4000/graphql
2022-12-20T11:37:42.072Z - info: 🚀. Server ready at http://localhost:4000/graphql
2022-12-20T11:37:42.936Z - error: {"errorMessage":"Cannot read properties of undefined (reading 'value')","errorName":"TypeError"}
2022-12-20T11:37:49.866Z - info: 🚀. Server ready at http://localhost:4000/graphql
2022-12-20T11:37:52.823Z - info: 🚀. Server ready at http://localhost:4000/graphql
2022-12-20T11:37:53.559Z - error: {"errorMessage":"Cannot read properties of undefined (reading 'value')","errorName":"TypeError"}
2022-12-20T11:38:09.923Z - info: 🚀. Server ready at http://localhost:4000/graphql
2022-12-20T11:38:10.818Z - error: {"errorMessage":"Cannot read properties of undefined (reading 'value')","errorName":"TypeError"}
2022-12-20T11:38:32.926Z - info: 🚀. Server ready at http://localhost:4000/graphql
2022-12-20T11:38:34.013Z - error: {"errorMessage":"Cannot read properties of undefined (reading 'value')","errorName":"TypeError"}
2022-12-20T11:38:56.803Z - info: 🚀. Server ready at http://localhost:4000/graphql
2022-12-20T11:38:58.537Z - info: 🚀. Server ready at http://localhost:4000/graphql
2022-12-20T11:39:01.684Z - info: 🚀. Server ready at http://localhost:4000/graphql
2022-12-20T11:39:04.959Z - info: 🚀. Server ready at http://localhost:4000/graphql
2022-12-20T11:39:05.922Z - error: {"errorMessage":"Cannot read properties of undefined (reading 'value')","errorName":"TypeError"}
2022-12-20T11:39:31.419Z - info: 🚀. Server ready at http://localhost:4000/graphql
2022-12-20T11:39:52.439Z - info: 🚀. Server ready at http://localhost:4000/graphql
2022-12-20T11:39:53.511Z - error: {"errorMessage":"Cannot read properties of undefined (reading 'value')","errorName":"TypeError"}
2022-12-20T11:40:13.342Z - info: 🚀. Server ready at http://localhost:4000/graphql
2022-12-20T11:40:20.971Z - info: 🚀. Server ready at http://localhost:4000/graphql
2022-12-20T11:40:39.189Z - info: 🚀. Server ready at http://localhost:4000/graphql
2022-12-20T11:40:45.514Z - info: 🚀. Server ready at http://localhost:4000/graphql
2022-12-20T11:40:46.985Z - error: {"errorMessage":"Cannot read properties of undefined (reading 'typeCondition')","errorName":"TypeError"}
2022-12-20T11:40:56.596Z - info: 🚀. Server ready at http://localhost:4000/graphql
2022-12-20T11:40:58.295Z - info: 🚀. Server ready at http://localhost:4000/graphql
2022-12-20T11:40:59.202Z - error: {"errorMessage":"Cannot read properties of undefined (reading 'value')","errorName":"TypeError"}
2022-12-20T11:41:05.659Z - info: 🚀. Server ready at http://localhost:4000/graphql
2022-12-20T11:41:08.179Z - info: 🚀. Server ready at http://localhost:4000/graphql
2022-12-20T11:41:08.837Z - error: {"errorMessage":"Cannot read properties of undefined (reading 'value')","errorName":"TypeError"}
2022-12-20T11:41:23.295Z - info: 🚀. Server ready at http://localhost:4000/graphql
2022-12-20T11:41:25.831Z - info: 🚀. Server ready at http://localhost:4000/graphql
2022-12-20T11:41:29.533Z - info: 🚀. Server ready at http://localhost:4000/graphql
2022-12-20T11:41:34.515Z - info: 🚀. Server ready at http://localhost:4000/graphql
2022-12-20T11:41:47.037Z - info: 🚀. Server ready at http://localhost:4000/graphql
2022-12-20T11:41:52.286Z - info: 🚀. Server ready at http://localhost:4000/graphql
2022-12-20T11:41:53.621Z - info: 🚀. Server ready at http://localhost:4000/graphql
2022-12-20T11:41:54.118Z - error: {"errorMessage":"Cannot read properties of undefined (reading 'value')","errorName":"TypeError"}
2022-12-20T11:42:36.293Z - info: 🚀. Server ready at http://localhost:4000/graphql
2022-12-20T11:43:04.133Z - info: 🚀. Server ready at http://localhost:4000/graphql
2022-12-20T11:43:12.104Z - info: 🚀. Server ready at http://localhost:4000/graphql
2022-12-20T11:43:15.324Z - info: 🚀. Server ready at http://localhost:4000/graphql
2022-12-20T11:43:34.086Z - info: 🚀. Server ready at http://localhost:4000/graphql
2022-12-20T11:45:11.837Z - info: 🚀. Server ready at http://localhost:4000/graphql
2022-12-20T11:45:13.751Z - info: 🚀. Server ready at http://localhost:4000/graphql
2022-12-20T11:45:15.948Z - info: 🚀. Server ready at http://localhost:4000/graphql
2022-12-20T11:45:23.237Z - info: 🚀. Server ready at http://localhost:4000/graphql
2022-12-20T11:45:25.213Z - info: 🚀. Server ready at http://localhost:4000/graphql
2022-12-20T11:45:41.473Z - info: 🚀. Server ready at http://localhost:4000/graphql
2022-12-20T11:45:44.582Z - info: 🚀. Server ready at http://localhost:4000/graphql
2022-12-20T11:46:18.928Z - info: 🚀. Server ready at http://localhost:4000/graphql
2022-12-20T11:46:20.761Z - info: 🚀. Server ready at http://localhost:4000/graphql
2022-12-20T11:46:25.599Z - info: 🚀. Server ready at http://localhost:4000/graphql
2022-12-20T11:46:32.800Z - info: 🚀. Server ready at http://localhost:4000/graphql
2022-12-20T11:46:42.168Z - info: 🚀. Server ready at http://localhost:4000/graphql
2022-12-20T11:46:46.809Z - info: 🚀. Server ready at http://localhost:4000/graphql
2022-12-20T11:46:49.011Z - info: 🚀. Server ready at http://localhost:4000/graphql
2022-12-20T11:46:50.902Z - info: 🚀. Server ready at http://localhost:4000/graphql
2022-12-20T11:48:03.946Z - info: 🚀. Server ready at http://localhost:4000/graphql
2022-12-20T11:48:05.777Z - info: 🚀. Server ready at http://localhost:4000/graphql
2022-12-20T11:48:08.103Z - info: 🚀. Server ready at http://localhost:4000/graphql
2022-12-20T11:48:45.627Z - info: 🚀. Server ready at http://localhost:4000/graphql
2022-12-20T11:48:49.452Z - info: 🚀. Server ready at http://localhost:4000/graphql
2022-12-20T11:49:17.609Z - info: 🚀. Server ready at http://localhost:4000/graphql
2022-12-20T11:49:30.560Z - info: 🚀. Server ready at http://localhost:4000/graphql
2022-12-20T11:49:36.425Z - info: 🚀. Server ready at http://localhost:4000/graphql
2022-12-20T11:49:49.827Z - info: 🚀. Server ready at http://localhost:4000/graphql
2022-12-20T11:49:54.557Z - info: 🚀. Server ready at http://localhost:4000/graphql
2022-12-20T11:50:05.465Z - info: 🚀. Server ready at http://localhost:4000/graphql
2022-12-20T11:52:49.049Z - info: 🚀. Server ready at http://localhost:4000/graphql
2022-12-20T11:52:53.537Z - info: 🚀. Server ready at http://localhost:4000/graphql
2022-12-20T11:52:58.407Z - info: 🚀. Server ready at http://localhost:4000/graphql
2022-12-20T11:53:02.948Z - info: 🚀. Server ready at http://localhost:4000/graphql
2022-12-20T11:54:03.297Z - info: 🚀. Server ready at http://localhost:4000/graphql
2022-12-20T11:54:16.315Z - info: 🚀. Server ready at http://localhost:4000/graphql
2022-12-20T11:54:21.430Z - info: 🚀. Server ready at http://localhost:4000/graphql
2022-12-20T11:54:28.513Z - info: 🚀. Server ready at http://localhost:4000/graphql
2022-12-20T11:54:31.246Z - info: 🚀. Server ready at http://localhost:4000/graphql
2022-12-20T11:54:33.502Z - info: 🚀. Server ready at http://localhost:4000/graphql
2022-12-20T11:54:39.741Z - info: 🚀. Server ready at http://localhost:4000/graphql
2022-12-20T11:54:47.607Z - info: 🚀. Server ready at http://localhost:4000/graphql
2022-12-20T11:56:27.056Z - info: 🚀. Server ready at http://localhost:4000/graphql
2022-12-20T11:56:38.521Z - info: 🚀. Server ready at http://localhost:4000/graphql
2022-12-20T11:57:07.696Z - info: 🚀. Server ready at http://localhost:4000/graphql
2022-12-20T11:57:14.650Z - info: 🚀. Server ready at http://localhost:4000/graphql
2022-12-20T11:57:22.884Z - info: 🚀. Server ready at http://localhost:4000/graphql
2022-12-20T11:57:28.368Z - info: 🚀. Server ready at http://localhost:4000/graphql
2022-12-20T11:57:30.739Z - info: 🚀. Server ready at http://localhost:4000/graphql
2022-12-20T11:57:33.668Z - info: 🚀. Server ready at http://localhost:4000/graphql
2022-12-20T11:57:47.166Z - info: 🚀. Server ready at http://localhost:4000/graphql
2022-12-20T11:57:50.679Z - info: 🚀. Server ready at http://localhost:4000/graphql
2022-12-20T11:58:06.177Z - info: 🚀. Server ready at http://localhost:4000/graphql
2022-12-20T11:58:09.773Z - info: 🚀. Server ready at http://localhost:4000/graphql
2022-12-20T11:58:11.413Z - info: 🚀. Server ready at http://localhost:4000/graphql
2022-12-20T11:58:22.087Z - info: 🚀. Server ready at http://localhost:4000/graphql
2022-12-20T11:58:25.619Z - info: 🚀. Server ready at http://localhost:4000/graphql
2022-12-20T11:59:43.775Z - info: 🚀. Server ready at http://localhost:4000/graphql
2022-12-20T11:59:50.036Z - info: 🚀. Server ready at http://localhost:4000/graphql
2022-12-20T11:59:51.892Z - info: 🚀. Server ready at http://localhost:4000/graphql
2022-12-20T12:00:02.650Z - info: 🚀. Server ready at http://localhost:4000/graphql
2022-12-20T12:00:44.476Z - info: 🚀. Server ready at http://localhost:4000/graphql
2022-12-20T12:00:51.015Z - info: 🚀. Server ready at http://localhost:4000/graphql
2022-12-20T12:01:34.309Z - info: 🚀. Server ready at http://localhost:4000/graphql
2022-12-20T12:01:52.235Z - info: 🚀. Server ready at http://localhost:4000/graphql
2022-12-20T16:39:24.269Z - info: 🚀. Server ready at http://localhost:4000/graphql
2022-12-20T16:42:46.978Z - info: 🚀. Server ready at http://localhost:4000/graphql
2022-12-20T16:43:04.690Z - info: 🚀. Server ready at http://localhost:4000/graphql
2022-12-20T16:43:13.493Z - info: 🚀. Server ready at http://localhost:4000/graphql
2022-12-20T16:43:15.023Z - info: 🚀. Server ready at http://localhost:4000/graphql
2022-12-20T16:43:25.088Z - info: 🚀. Server ready at http://localhost:4000/graphql
2022-12-20T16:43:55.360Z - info: 🚀. Server ready at http://localhost:4000/graphql
2022-12-20T16:44:24.736Z - info: 🚀. Server ready at http://localhost:4000/graphql
2022-12-20T16:44:28.016Z - info: 🚀. Server ready at http://localhost:4000/graphql
2022-12-20T16:44:32.189Z - info: 🚀. Server ready at http://localhost:4000/graphql
2022-12-20T16:44:35.074Z - info: 🚀. Server ready at http://localhost:4000/graphql
2022-12-20T16:44:36.376Z - info: 🚀. Server ready at http://localhost:4000/graphql
2022-12-20T16:44:39.177Z - info: 🚀. Server ready at http://localhost:4000/graphql
2022-12-20T16:44:53.823Z - info: 🚀. Server ready at http://localhost:4000/graphql
2022-12-20T16:44:54.954Z - info: 🚀. Server ready at http://localhost:4000/graphql
2022-12-20T16:44:59.637Z - info: 🚀. Server ready at http://localhost:4000/graphql
2022-12-20T16:45:01.596Z - info: 🚀. Server ready at http://localhost:4000/graphql
2022-12-20T16:45:04.048Z - info: 🚀. Server ready at http://localhost:4000/graphql
2022-12-20T16:45:06.037Z - info: 🚀. Server ready at http://localhost:4000/graphql
2022-12-20T16:45:08.673Z - info: 🚀. Server ready at http://localhost:4000/graphql
2022-12-20T16:45:10.717Z - info: 🚀. Server ready at http://localhost:4000/graphql
2022-12-20T16:45:12.052Z - info: 🚀. Server ready at http://localhost:4000/graphql
2022-12-20T16:45:25.043Z - info: 🚀. Server ready at http://localhost:4000/graphql
2022-12-20T16:45:37.481Z - info: 🚀. Server ready at http://localhost:4000/graphql
2022-12-20T16:45:38.843Z - info: 🚀. Server ready at http://localhost:4000/graphql
2022-12-20T16:45:42.854Z - info: 🚀. Server ready at http://localhost:4000/graphql
2022-12-20T16:45:44.197Z - info: 🚀. Server ready at http://localhost:4000/graphql
2022-12-20T16:45:47.430Z - info: 🚀. Server ready at http://localhost:4000/graphql
2022-12-20T16:45:57.928Z - info: 🚀. Server ready at http://localhost:4000/graphql
2022-12-20T16:45:59.272Z - info: 🚀. Server ready at http://localhost:4000/graphql
2022-12-20T16:46:53.709Z - info: 🚀. Server ready at http://localhost:4000/graphql
2022-12-20T16:46:54.878Z - info: 🚀. Server ready at http://localhost:4000/graphql
2022-12-20T16:48:11.356Z - info: 🚀. Server ready at http://localhost:4000/graphql
2022-12-20T16:48:21.240Z - info: 🚀. Server ready at http://localhost:4000/graphql
2022-12-20T16:48:36.268Z - info: 🚀. Server ready at http://localhost:4000/graphql
2022-12-20T16:48:39.868Z - info: 🚀. Server ready at http://localhost:4000/graphql
2022-12-20T16:48:44.846Z - info: 🚀. Server ready at http://localhost:4000/graphql
2022-12-20T16:48:52.667Z - info: 🚀. Server ready at http://localhost:4000/graphql
2022-12-20T16:48:55.894Z - info: 🚀. Server ready at http://localhost:4000/graphql
2022-12-20T16:49:37.554Z - info: 🚀. Server ready at http://localhost:4000/graphql
2022-12-20T16:50:51.589Z - info: 🚀. Server ready at http://localhost:4000/graphql
2022-12-20T16:50:56.921Z - info: 🚀. Server ready at http://localhost:4000/graphql
2022-12-20T16:51:54.687Z - info: 🚀. Server ready at http://localhost:4000/graphql
2022-12-20T16:51:57.668Z - info: 🚀. Server ready at http://localhost:4000/graphql
2022-12-20T16:51:58.812Z - info: 🚀. Server ready at http://localhost:4000/graphql
2022-12-20T16:52:01.231Z - info: 🚀. Server ready at http://localhost:4000/graphql
2022-12-20T16:52:11.225Z - info: 🚀. Server ready at http://localhost:4000/graphql
2022-12-20T16:55:54.419Z - info: 🚀. Server ready at http://localhost:4000/graphql
2022-12-20T16:56:02.035Z - info: 🚀. Server ready at http://localhost:4000/graphql
2022-12-20T16:56:31.469Z - info: 🚀. Server ready at http://localhost:4000/graphql
2022-12-20T16:56:32.398Z - info: 🚀. Server ready at http://localhost:4000/graphql
2022-12-20T16:56:43.025Z - info: 🚀. Server ready at http://localhost:4000/graphql
2022-12-20T16:56:44.164Z - info: 🚀. Server ready at http://localhost:4000/graphql
2022-12-20T16:59:18.905Z - info: 🚀. Server ready at http://localhost:4000/graphql
2022-12-20T16:59:28.986Z - info: 🚀. Server ready at http://localhost:4000/graphql
